INFO:     Started server process [9646]
INFO:     Waiting for application startup.
INFO:     Application startup complete.
INFO:     Uvicorn running on http://127.0.0.1:7860 (Press CTRL+C to quit)
INFO:     127.0.0.1:49322 - "POST /reset?task_id=easy HTTP/1.1" 200 OK
INFO:     127.0.0.1:49327 - "POST /step HTTP/1.1" 200 OK
INFO:     127.0.0.1:49328 - "POST /reset?task_id=medium HTTP/1.1" 200 OK
INFO:     127.0.0.1:49362 - "POST /step HTTP/1.1" 200 OK
INFO:     127.0.0.1:49363 - "POST /reset?task_id=hard HTTP/1.1" 200 OK
INFO:     127.0.0.1:49364 - "POST /fingerprint HTTP/1.1" 200 OK
INFO:     127.0.0.1:49448 - "POST /step HTTP/1.1" 200 OK
INFO:     127.0.0.1:49449 - "POST /fingerprint HTTP/1.1" 200 OK
INFO:     127.0.0.1:49450 - "POST /reset?task_id=execution_easy HTTP/1.1" 500 Internal Server Error
ERROR:    Exception in ASGI application
Traceback (most recent call last):
  File "/Users/ayushmishra/clausr2.0/venv/lib/python3.14/site-packages/uvicorn/protocols/http/h11_impl.py", line 415, in run_asgi
    result = await app(  # type: ignore[func-returns-value]
             ^^^^^^^^^^^^^^^^^^^^^^^^^^^^^^^^^^^^^^^^^^^^^^
        self.scope, self.receive, self.send
        ^^^^^^^^^^^^^^^^^^^^^^^^^^^^^^^^^^^
    )
    ^
  File "/Users/ayushmishra/clausr2.0/venv/lib/python3.14/site-packages/uvicorn/middleware/proxy_headers.py", line 56, in __call__
    return await self.app(scope, receive, send)
           ^^^^^^^^^^^^^^^^^^^^^^^^^^^^^^^^^^^^
  File "/Users/ayushmishra/clausr2.0/venv/lib/python3.14/site-packages/fastapi/applications.py", line 1159, in __call__
    await super().__call__(scope, receive, send)
  File "/Users/ayushmishra/clausr2.0/venv/lib/python3.14/site-packages/starlette/applications.py", line 90, in __call__
    await self.middleware_stack(scope, receive, send)
  File "/Users/ayushmishra/clausr2.0/venv/lib/python3.14/site-packages/starlette/middleware/errors.py", line 186, in __call__
    raise exc
  File "/Users/ayushmishra/clausr2.0/venv/lib/python3.14/site-packages/starlette/middleware/errors.py", line 164, in __call__
    await self.app(scope, receive, _send)
  File "/Users/ayushmishra/clausr2.0/venv/lib/python3.14/site-packages/starlette/middleware/cors.py", line 88, in __call__
    await self.app(scope, receive, send)
  File "/Users/ayushmishra/clausr2.0/venv/lib/python3.14/site-packages/starlette/middleware/exceptions.py", line 63, in __call__
    await wrap_app_handling_exceptions(self.app, conn)(scope, receive, send)
  File "/Users/ayushmishra/clausr2.0/venv/lib/python3.14/site-packages/starlette/_exception_handler.py", line 53, in wrapped_app
    raise exc
  File "/Users/ayushmishra/clausr2.0/venv/lib/python3.14/site-packages/starlette/_exception_handler.py", line 42, in wrapped_app
    await app(scope, receive, sender)
  File "/Users/ayushmishra/clausr2.0/venv/lib/python3.14/site-packages/fastapi/middleware/asyncexitstack.py", line 18, in __call__
    await self.app(scope, receive, send)
  File "/Users/ayushmishra/clausr2.0/venv/lib/python3.14/site-packages/starlette/routing.py", line 660, in __call__
    await self.middleware_stack(scope, receive, send)
  File "/Users/ayushmishra/clausr2.0/venv/lib/python3.14/site-packages/starlette/routing.py", line 680, in app
    await route.handle(scope, receive, send)
  File "/Users/ayushmishra/clausr2.0/venv/lib/python3.14/site-packages/starlette/routing.py", line 276, in handle
    await self.app(scope, receive, send)
  File "/Users/ayushmishra/clausr2.0/venv/lib/python3.14/site-packages/fastapi/routing.py", line 134, in app
    await wrap_app_handling_exceptions(app, request)(scope, receive, send)
  File "/Users/ayushmishra/clausr2.0/venv/lib/python3.14/site-packages/starlette/_exception_handler.py", line 53, in wrapped_app
    raise exc
  File "/Users/ayushmishra/clausr2.0/venv/lib/python3.14/site-packages/starlette/_exception_handler.py", line 42, in wrapped_app
    await app(scope, receive, sender)
  File "/Users/ayushmishra/clausr2.0/venv/lib/python3.14/site-packages/fastapi/routing.py", line 120, in app
    response = await f(request)
               ^^^^^^^^^^^^^^^^
  File "/Users/ayushmishra/clausr2.0/venv/lib/python3.14/site-packages/fastapi/routing.py", line 674, in app
    raw_response = await run_endpoint_function(
                   ^^^^^^^^^^^^^^^^^^^^^^^^^^^^
    ...<3 lines>...
    )
    ^
  File "/Users/ayushmishra/clausr2.0/venv/lib/python3.14/site-packages/fastapi/routing.py", line 330, in run_endpoint_function
    return await run_in_threadpool(dependant.call, **values)
           ^^^^^^^^^^^^^^^^^^^^^^^^^^^^^^^^^^^^^^^^^^^^^^^^^
  File "/Users/ayushmishra/clausr2.0/venv/lib/python3.14/site-packages/starlette/concurrency.py", line 32, in run_in_threadpool
    return await anyio.to_thread.run_sync(func)
           ^^^^^^^^^^^^^^^^^^^^^^^^^^^^^^^^^^^^
  File "/Users/ayushmishra/clausr2.0/venv/lib/python3.14/site-packages/anyio/to_thread.py", line 63, in run_sync
    return await get_async_backend().run_sync_in_worker_thread(
           ^^^^^^^^^^^^^^^^^^^^^^^^^^^^^^^^^^^^^^^^^^^^^^^^^^^^
        func, args, abandon_on_cancel=abandon_on_cancel, limiter=limiter
        ^^^^^^^^^^^^^^^^^^^^^^^^^^^^^^^^^^^^^^^^^^^^^^^^^^^^^^^^^^^^^^^^
    )
    ^
  File "/Users/ayushmishra/clausr2.0/venv/lib/python3.14/site-packages/anyio/_backends/_asyncio.py", line 2518, in run_sync_in_worker_thread
    return await future
           ^^^^^^^^^^^^
  File "/Users/ayushmishra/clausr2.0/venv/lib/python3.14/site-packages/anyio/_backends/_asyncio.py", line 1002, in run
    result = context.run(func, *args)
  File "/Users/ayushmishra/clausr2.0/server/app.py", line 46, in reset
    return env.reset(task_id=task_id)
           ~~~~~~~~~^^^^^^^^^^^^^^^^^
  File "/Users/ayushmishra/clausr2.0/server/environment.py", line 32, in reset
    raise FileNotFoundError(
        f"No contracts found for task_id: {task_id} at {self._contracts_dir}/{pattern}"
    )
FileNotFoundError: No contracts found for task_id: execution_easy at /Users/ayushmishra/clausr2.0/data/contracts/execution_easy_*.json
INFO:     127.0.0.1:49451 - "POST /reset?task_id=execution_medium HTTP/1.1" 500 Internal Server Error
ERROR:    Exception in ASGI application
Traceback (most recent call last):
  File "/Users/ayushmishra/clausr2.0/venv/lib/python3.14/site-packages/uvicorn/protocols/http/h11_impl.py", line 415, in run_asgi
    result = await app(  # type: ignore[func-returns-value]
             ^^^^^^^^^^^^^^^^^^^^^^^^^^^^^^^^^^^^^^^^^^^^^^
        self.scope, self.receive, self.send
        ^^^^^^^^^^^^^^^^^^^^^^^^^^^^^^^^^^^
    )
    ^
  File "/Users/ayushmishra/clausr2.0/venv/lib/python3.14/site-packages/uvicorn/middleware/proxy_headers.py", line 56, in __call__
    return await self.app(scope, receive, send)
           ^^^^^^^^^^^^^^^^^^^^^^^^^^^^^^^^^^^^
  File "/Users/ayushmishra/clausr2.0/venv/lib/python3.14/site-packages/fastapi/applications.py", line 1159, in __call__
    await super().__call__(scope, receive, send)
  File "/Users/ayushmishra/clausr2.0/venv/lib/python3.14/site-packages/starlette/applications.py", line 90, in __call__
    await self.middleware_stack(scope, receive, send)
  File "/Users/ayushmishra/clausr2.0/venv/lib/python3.14/site-packages/starlette/middleware/errors.py", line 186, in __call__
    raise exc
  File "/Users/ayushmishra/clausr2.0/venv/lib/python3.14/site-packages/starlette/middleware/errors.py", line 164, in __call__
    await self.app(scope, receive, _send)
  File "/Users/ayushmishra/clausr2.0/venv/lib/python3.14/site-packages/starlette/middleware/cors.py", line 88, in __call__
    await self.app(scope, receive, send)
  File "/Users/ayushmishra/clausr2.0/venv/lib/python3.14/site-packages/starlette/middleware/exceptions.py", line 63, in __call__
    await wrap_app_handling_exceptions(self.app, conn)(scope, receive, send)
  File "/Users/ayushmishra/clausr2.0/venv/lib/python3.14/site-packages/starlette/_exception_handler.py", line 53, in wrapped_app
    raise exc
  File "/Users/ayushmishra/clausr2.0/venv/lib/python3.14/site-packages/starlette/_exception_handler.py", line 42, in wrapped_app
    await app(scope, receive, sender)
  File "/Users/ayushmishra/clausr2.0/venv/lib/python3.14/site-packages/fastapi/middleware/asyncexitstack.py", line 18, in __call__
    await self.app(scope, receive, send)
  File "/Users/ayushmishra/clausr2.0/venv/lib/python3.14/site-packages/starlette/routing.py", line 660, in __call__
    await self.middleware_stack(scope, receive, send)
  File "/Users/ayushmishra/clausr2.0/venv/lib/python3.14/site-packages/starlette/routing.py", line 680, in app
    await route.handle(scope, receive, send)
  File "/Users/ayushmishra/clausr2.0/venv/lib/python3.14/site-packages/starlette/routing.py", line 276, in handle
    await self.app(scope, receive, send)
  File "/Users/ayushmishra/clausr2.0/venv/lib/python3.14/site-packages/fastapi/routing.py", line 134, in app
    await wrap_app_handling_exceptions(app, request)(scope, receive, send)
  File "/Users/ayushmishra/clausr2.0/venv/lib/python3.14/site-packages/starlette/_exception_handler.py", line 53, in wrapped_app
    raise exc
  File "/Users/ayushmishra/clausr2.0/venv/lib/python3.14/site-packages/starlette/_exception_handler.py", line 42, in wrapped_app
    await app(scope, receive, sender)
  File "/Users/ayushmishra/clausr2.0/venv/lib/python3.14/site-packages/fastapi/routing.py", line 120, in app
    response = await f(request)
               ^^^^^^^^^^^^^^^^
  File "/Users/ayushmishra/clausr2.0/venv/lib/python3.14/site-packages/fastapi/routing.py", line 674, in app
    raw_response = await run_endpoint_function(
                   ^^^^^^^^^^^^^^^^^^^^^^^^^^^^
    ...<3 lines>...
    )
    ^
  File "/Users/ayushmishra/clausr2.0/venv/lib/python3.14/site-packages/fastapi/routing.py", line 330, in run_endpoint_function
    return await run_in_threadpool(dependant.call, **values)
           ^^^^^^^^^^^^^^^^^^^^^^^^^^^^^^^^^^^^^^^^^^^^^^^^^
  File "/Users/ayushmishra/clausr2.0/venv/lib/python3.14/site-packages/starlette/concurrency.py", line 32, in run_in_threadpool
    return await anyio.to_thread.run_sync(func)
           ^^^^^^^^^^^^^^^^^^^^^^^^^^^^^^^^^^^^
  File "/Users/ayushmishra/clausr2.0/venv/lib/python3.14/site-packages/anyio/to_thread.py", line 63, in run_sync
    return await get_async_backend().run_sync_in_worker_thread(
           ^^^^^^^^^^^^^^^^^^^^^^^^^^^^^^^^^^^^^^^^^^^^^^^^^^^^
        func, args, abandon_on_cancel=abandon_on_cancel, limiter=limiter
        ^^^^^^^^^^^^^^^^^^^^^^^^^^^^^^^^^^^^^^^^^^^^^^^^^^^^^^^^^^^^^^^^
    )
    ^
  File "/Users/ayushmishra/clausr2.0/venv/lib/python3.14/site-packages/anyio/_backends/_asyncio.py", line 2518, in run_sync_in_worker_thread
    return await future
           ^^^^^^^^^^^^
  File "/Users/ayushmishra/clausr2.0/venv/lib/python3.14/site-packages/anyio/_backends/_asyncio.py", line 1002, in run
    result = context.run(func, *args)
  File "/Users/ayushmishra/clausr2.0/server/app.py", line 46, in reset
    return env.reset(task_id=task_id)
           ~~~~~~~~~^^^^^^^^^^^^^^^^^
  File "/Users/ayushmishra/clausr2.0/server/environment.py", line 32, in reset
    raise FileNotFoundError(
        f"No contracts found for task_id: {task_id} at {self._contracts_dir}/{pattern}"
    )
FileNotFoundError: No contracts found for task_id: execution_medium at /Users/ayushmishra/clausr2.0/data/contracts/execution_medium_*.json
INFO:     127.0.0.1:49452 - "POST /reset?task_id=execution_hard HTTP/1.1" 500 Internal Server Error
ERROR:    Exception in ASGI application
Traceback (most recent call last):
  File "/Users/ayushmishra/clausr2.0/venv/lib/python3.14/site-packages/uvicorn/protocols/http/h11_impl.py", line 415, in run_asgi
    result = await app(  # type: ignore[func-returns-value]
             ^^^^^^^^^^^^^^^^^^^^^^^^^^^^^^^^^^^^^^^^^^^^^^
        self.scope, self.receive, self.send
        ^^^^^^^^^^^^^^^^^^^^^^^^^^^^^^^^^^^
    )
    ^
  File "/Users/ayushmishra/clausr2.0/venv/lib/python3.14/site-packages/uvicorn/middleware/proxy_headers.py", line 56, in __call__
    return await self.app(scope, receive, send)
           ^^^^^^^^^^^^^^^^^^^^^^^^^^^^^^^^^^^^
  File "/Users/ayushmishra/clausr2.0/venv/lib/python3.14/site-packages/fastapi/applications.py", line 1159, in __call__
    await super().__call__(scope, receive, send)
  File "/Users/ayushmishra/clausr2.0/venv/lib/python3.14/site-packages/starlette/applications.py", line 90, in __call__
    await self.middleware_stack(scope, receive, send)
  File "/Users/ayushmishra/clausr2.0/venv/lib/python3.14/site-packages/starlette/middleware/errors.py", line 186, in __call__
    raise exc
  File "/Users/ayushmishra/clausr2.0/venv/lib/python3.14/site-packages/starlette/middleware/errors.py", line 164, in __call__
    await self.app(scope, receive, _send)
  File "/Users/ayushmishra/clausr2.0/venv/lib/python3.14/site-packages/starlette/middleware/cors.py", line 88, in __call__
    await self.app(scope, receive, send)
  File "/Users/ayushmishra/clausr2.0/venv/lib/python3.14/site-packages/starlette/middleware/exceptions.py", line 63, in __call__
    await wrap_app_handling_exceptions(self.app, conn)(scope, receive, send)
  File "/Users/ayushmishra/clausr2.0/venv/lib/python3.14/site-packages/starlette/_exception_handler.py", line 53, in wrapped_app
    raise exc
  File "/Users/ayushmishra/clausr2.0/venv/lib/python3.14/site-packages/starlette/_exception_handler.py", line 42, in wrapped_app
    await app(scope, receive, sender)
  File "/Users/ayushmishra/clausr2.0/venv/lib/python3.14/site-packages/fastapi/middleware/asyncexitstack.py", line 18, in __call__
    await self.app(scope, receive, send)
  File "/Users/ayushmishra/clausr2.0/venv/lib/python3.14/site-packages/starlette/routing.py", line 660, in __call__
    await self.middleware_stack(scope, receive, send)
  File "/Users/ayushmishra/clausr2.0/venv/lib/python3.14/site-packages/starlette/routing.py", line 680, in app
    await route.handle(scope, receive, send)
  File "/Users/ayushmishra/clausr2.0/venv/lib/python3.14/site-packages/starlette/routing.py", line 276, in handle
    await self.app(scope, receive, send)
  File "/Users/ayushmishra/clausr2.0/venv/lib/python3.14/site-packages/fastapi/routing.py", line 134, in app
    await wrap_app_handling_exceptions(app, request)(scope, receive, send)
  File "/Users/ayushmishra/clausr2.0/venv/lib/python3.14/site-packages/starlette/_exception_handler.py", line 53, in wrapped_app
    raise exc
  File "/Users/ayushmishra/clausr2.0/venv/lib/python3.14/site-packages/starlette/_exception_handler.py", line 42, in wrapped_app
    await app(scope, receive, sender)
  File "/Users/ayushmishra/clausr2.0/venv/lib/python3.14/site-packages/fastapi/routing.py", line 120, in app
    response = await f(request)
               ^^^^^^^^^^^^^^^^
  File "/Users/ayushmishra/clausr2.0/venv/lib/python3.14/site-packages/fastapi/routing.py", line 674, in app
    raw_response = await run_endpoint_function(
                   ^^^^^^^^^^^^^^^^^^^^^^^^^^^^
    ...<3 lines>...
    )
    ^
  File "/Users/ayushmishra/clausr2.0/venv/lib/python3.14/site-packages/fastapi/routing.py", line 330, in run_endpoint_function
    return await run_in_threadpool(dependant.call, **values)
           ^^^^^^^^^^^^^^^^^^^^^^^^^^^^^^^^^^^^^^^^^^^^^^^^^
  File "/Users/ayushmishra/clausr2.0/venv/lib/python3.14/site-packages/starlette/concurrency.py", line 32, in run_in_threadpool
    return await anyio.to_thread.run_sync(func)
           ^^^^^^^^^^^^^^^^^^^^^^^^^^^^^^^^^^^^
  File "/Users/ayushmishra/clausr2.0/venv/lib/python3.14/site-packages/anyio/to_thread.py", line 63, in run_sync
    return await get_async_backend().run_sync_in_worker_thread(
           ^^^^^^^^^^^^^^^^^^^^^^^^^^^^^^^^^^^^^^^^^^^^^^^^^^^^
        func, args, abandon_on_cancel=abandon_on_cancel, limiter=limiter
        ^^^^^^^^^^^^^^^^^^^^^^^^^^^^^^^^^^^^^^^^^^^^^^^^^^^^^^^^^^^^^^^^
    )
    ^
  File "/Users/ayushmishra/clausr2.0/venv/lib/python3.14/site-packages/anyio/_backends/_asyncio.py", line 2518, in run_sync_in_worker_thread
    return await future
           ^^^^^^^^^^^^
  File "/Users/ayushmishra/clausr2.0/venv/lib/python3.14/site-packages/anyio/_backends/_asyncio.py", line 1002, in run
    result = context.run(func, *args)
  File "/Users/ayushmishra/clausr2.0/server/app.py", line 46, in reset
    return env.reset(task_id=task_id)
           ~~~~~~~~~^^^^^^^^^^^^^^^^^
  File "/Users/ayushmishra/clausr2.0/server/environment.py", line 32, in reset
    raise FileNotFoundError(
        f"No contracts found for task_id: {task_id} at {self._contracts_dir}/{pattern}"
    )
FileNotFoundError: No contracts found for task_id: execution_hard at /Users/ayushmishra/clausr2.0/data/contracts/execution_hard_*.json
INFO:     127.0.0.1:49453 - "POST /reset?task_id=lexmind_easy HTTP/1.1" 500 Internal Server Error
ERROR:    Exception in ASGI application
Traceback (most recent call last):
  File "/Users/ayushmishra/clausr2.0/venv/lib/python3.14/site-packages/uvicorn/protocols/http/h11_impl.py", line 415, in run_asgi
    result = await app(  # type: ignore[func-returns-value]
             ^^^^^^^^^^^^^^^^^^^^^^^^^^^^^^^^^^^^^^^^^^^^^^
        self.scope, self.receive, self.send
        ^^^^^^^^^^^^^^^^^^^^^^^^^^^^^^^^^^^
    )
    ^
  File "/Users/ayushmishra/clausr2.0/venv/lib/python3.14/site-packages/uvicorn/middleware/proxy_headers.py", line 56, in __call__
    return await self.app(scope, receive, send)
           ^^^^^^^^^^^^^^^^^^^^^^^^^^^^^^^^^^^^
  File "/Users/ayushmishra/clausr2.0/venv/lib/python3.14/site-packages/fastapi/applications.py", line 1159, in __call__
    await super().__call__(scope, receive, send)
  File "/Users/ayushmishra/clausr2.0/venv/lib/python3.14/site-packages/starlette/applications.py", line 90, in __call__
    await self.middleware_stack(scope, receive, send)
  File "/Users/ayushmishra/clausr2.0/venv/lib/python3.14/site-packages/starlette/middleware/errors.py", line 186, in __call__
    raise exc
  File "/Users/ayushmishra/clausr2.0/venv/lib/python3.14/site-packages/starlette/middleware/errors.py", line 164, in __call__
    await self.app(scope, receive, _send)
  File "/Users/ayushmishra/clausr2.0/venv/lib/python3.14/site-packages/starlette/middleware/cors.py", line 88, in __call__
    await self.app(scope, receive, send)
  File "/Users/ayushmishra/clausr2.0/venv/lib/python3.14/site-packages/starlette/middleware/exceptions.py", line 63, in __call__
    await wrap_app_handling_exceptions(self.app, conn)(scope, receive, send)
  File "/Users/ayushmishra/clausr2.0/venv/lib/python3.14/site-packages/starlette/_exception_handler.py", line 53, in wrapped_app
    raise exc
  File "/Users/ayushmishra/clausr2.0/venv/lib/python3.14/site-packages/starlette/_exception_handler.py", line 42, in wrapped_app
    await app(scope, receive, sender)
  File "/Users/ayushmishra/clausr2.0/venv/lib/python3.14/site-packages/fastapi/middleware/asyncexitstack.py", line 18, in __call__
    await self.app(scope, receive, send)
  File "/Users/ayushmishra/clausr2.0/venv/lib/python3.14/site-packages/starlette/routing.py", line 660, in __call__
    await self.middleware_stack(scope, receive, send)
  File "/Users/ayushmishra/clausr2.0/venv/lib/python3.14/site-packages/starlette/routing.py", line 680, in app
    await route.handle(scope, receive, send)
  File "/Users/ayushmishra/clausr2.0/venv/lib/python3.14/site-packages/starlette/routing.py", line 276, in handle
    await self.app(scope, receive, send)
  File "/Users/ayushmishra/clausr2.0/venv/lib/python3.14/site-packages/fastapi/routing.py", line 134, in app
    await wrap_app_handling_exceptions(app, request)(scope, receive, send)
  File "/Users/ayushmishra/clausr2.0/venv/lib/python3.14/site-packages/starlette/_exception_handler.py", line 53, in wrapped_app
    raise exc
  File "/Users/ayushmishra/clausr2.0/venv/lib/python3.14/site-packages/starlette/_exception_handler.py", line 42, in wrapped_app
    await app(scope, receive, sender)
  File "/Users/ayushmishra/clausr2.0/venv/lib/python3.14/site-packages/fastapi/routing.py", line 120, in app
    response = await f(request)
               ^^^^^^^^^^^^^^^^
  File "/Users/ayushmishra/clausr2.0/venv/lib/python3.14/site-packages/fastapi/routing.py", line 674, in app
    raw_response = await run_endpoint_function(
                   ^^^^^^^^^^^^^^^^^^^^^^^^^^^^
    ...<3 lines>...
    )
    ^
  File "/Users/ayushmishra/clausr2.0/venv/lib/python3.14/site-packages/fastapi/routing.py", line 330, in run_endpoint_function
    return await run_in_threadpool(dependant.call, **values)
           ^^^^^^^^^^^^^^^^^^^^^^^^^^^^^^^^^^^^^^^^^^^^^^^^^
  File "/Users/ayushmishra/clausr2.0/venv/lib/python3.14/site-packages/starlette/concurrency.py", line 32, in run_in_threadpool
    return await anyio.to_thread.run_sync(func)
           ^^^^^^^^^^^^^^^^^^^^^^^^^^^^^^^^^^^^
  File "/Users/ayushmishra/clausr2.0/venv/lib/python3.14/site-packages/anyio/to_thread.py", line 63, in run_sync
    return await get_async_backend().run_sync_in_worker_thread(
           ^^^^^^^^^^^^^^^^^^^^^^^^^^^^^^^^^^^^^^^^^^^^^^^^^^^^
        func, args, abandon_on_cancel=abandon_on_cancel, limiter=limiter
        ^^^^^^^^^^^^^^^^^^^^^^^^^^^^^^^^^^^^^^^^^^^^^^^^^^^^^^^^^^^^^^^^
    )
    ^
  File "/Users/ayushmishra/clausr2.0/venv/lib/python3.14/site-packages/anyio/_backends/_asyncio.py", line 2518, in run_sync_in_worker_thread
    return await future
           ^^^^^^^^^^^^
  File "/Users/ayushmishra/clausr2.0/venv/lib/python3.14/site-packages/anyio/_backends/_asyncio.py", line 1002, in run
    result = context.run(func, *args)
  File "/Users/ayushmishra/clausr2.0/server/app.py", line 46, in reset
    return env.reset(task_id=task_id)
           ~~~~~~~~~^^^^^^^^^^^^^^^^^
  File "/Users/ayushmishra/clausr2.0/server/environment.py", line 40, in reset
    return self._make_observation(done=False)
           ~~~~~~~~~~~~~~~~~~~~~~^^^^^^^^^^^^
  File "/Users/ayushmishra/clausr2.0/server/environment.py", line 87, in _make_observation
    clauses = [Clause(**c) for c in self._contract["clauses"]]
                                    ~~~~~~~~~~~~~~^^^^^^^^^^^
KeyError: 'clauses'
INFO:     127.0.0.1:49454 - "POST /reset?task_id=lexmind_medium HTTP/1.1" 500 Internal Server Error
ERROR:    Exception in ASGI application
Traceback (most recent call last):
  File "/Users/ayushmishra/clausr2.0/venv/lib/python3.14/site-packages/uvicorn/protocols/http/h11_impl.py", line 415, in run_asgi
    result = await app(  # type: ignore[func-returns-value]
             ^^^^^^^^^^^^^^^^^^^^^^^^^^^^^^^^^^^^^^^^^^^^^^
        self.scope, self.receive, self.send
        ^^^^^^^^^^^^^^^^^^^^^^^^^^^^^^^^^^^
    )
    ^
  File "/Users/ayushmishra/clausr2.0/venv/lib/python3.14/site-packages/uvicorn/middleware/proxy_headers.py", line 56, in __call__
    return await self.app(scope, receive, send)
           ^^^^^^^^^^^^^^^^^^^^^^^^^^^^^^^^^^^^
  File "/Users/ayushmishra/clausr2.0/venv/lib/python3.14/site-packages/fastapi/applications.py", line 1159, in __call__
    await super().__call__(scope, receive, send)
  File "/Users/ayushmishra/clausr2.0/venv/lib/python3.14/site-packages/starlette/applications.py", line 90, in __call__
    await self.middleware_stack(scope, receive, send)
  File "/Users/ayushmishra/clausr2.0/venv/lib/python3.14/site-packages/starlette/middleware/errors.py", line 186, in __call__
    raise exc
  File "/Users/ayushmishra/clausr2.0/venv/lib/python3.14/site-packages/starlette/middleware/errors.py", line 164, in __call__
    await self.app(scope, receive, _send)
  File "/Users/ayushmishra/clausr2.0/venv/lib/python3.14/site-packages/starlette/middleware/cors.py", line 88, in __call__
    await self.app(scope, receive, send)
  File "/Users/ayushmishra/clausr2.0/venv/lib/python3.14/site-packages/starlette/middleware/exceptions.py", line 63, in __call__
    await wrap_app_handling_exceptions(self.app, conn)(scope, receive, send)
  File "/Users/ayushmishra/clausr2.0/venv/lib/python3.14/site-packages/starlette/_exception_handler.py", line 53, in wrapped_app
    raise exc
  File "/Users/ayushmishra/clausr2.0/venv/lib/python3.14/site-packages/starlette/_exception_handler.py", line 42, in wrapped_app
    await app(scope, receive, sender)
  File "/Users/ayushmishra/clausr2.0/venv/lib/python3.14/site-packages/fastapi/middleware/asyncexitstack.py", line 18, in __call__
    await self.app(scope, receive, send)
  File "/Users/ayushmishra/clausr2.0/venv/lib/python3.14/site-packages/starlette/routing.py", line 660, in __call__
    await self.middleware_stack(scope, receive, send)
  File "/Users/ayushmishra/clausr2.0/venv/lib/python3.14/site-packages/starlette/routing.py", line 680, in app
    await route.handle(scope, receive, send)
  File "/Users/ayushmishra/clausr2.0/venv/lib/python3.14/site-packages/starlette/routing.py", line 276, in handle
    await self.app(scope, receive, send)
  File "/Users/ayushmishra/clausr2.0/venv/lib/python3.14/site-packages/fastapi/routing.py", line 134, in app
    await wrap_app_handling_exceptions(app, request)(scope, receive, send)
  File "/Users/ayushmishra/clausr2.0/venv/lib/python3.14/site-packages/starlette/_exception_handler.py", line 53, in wrapped_app
    raise exc
  File "/Users/ayushmishra/clausr2.0/venv/lib/python3.14/site-packages/starlette/_exception_handler.py", line 42, in wrapped_app
    await app(scope, receive, sender)
  File "/Users/ayushmishra/clausr2.0/venv/lib/python3.14/site-packages/fastapi/routing.py", line 120, in app
    response = await f(request)
               ^^^^^^^^^^^^^^^^
  File "/Users/ayushmishra/clausr2.0/venv/lib/python3.14/site-packages/fastapi/routing.py", line 674, in app
    raw_response = await run_endpoint_function(
                   ^^^^^^^^^^^^^^^^^^^^^^^^^^^^
    ...<3 lines>...
    )
    ^
  File "/Users/ayushmishra/clausr2.0/venv/lib/python3.14/site-packages/fastapi/routing.py", line 330, in run_endpoint_function
    return await run_in_threadpool(dependant.call, **values)
           ^^^^^^^^^^^^^^^^^^^^^^^^^^^^^^^^^^^^^^^^^^^^^^^^^
  File "/Users/ayushmishra/clausr2.0/venv/lib/python3.14/site-packages/starlette/concurrency.py", line 32, in run_in_threadpool
    return await anyio.to_thread.run_sync(func)
           ^^^^^^^^^^^^^^^^^^^^^^^^^^^^^^^^^^^^
  File "/Users/ayushmishra/clausr2.0/venv/lib/python3.14/site-packages/anyio/to_thread.py", line 63, in run_sync
    return await get_async_backend().run_sync_in_worker_thread(
           ^^^^^^^^^^^^^^^^^^^^^^^^^^^^^^^^^^^^^^^^^^^^^^^^^^^^
        func, args, abandon_on_cancel=abandon_on_cancel, limiter=limiter
        ^^^^^^^^^^^^^^^^^^^^^^^^^^^^^^^^^^^^^^^^^^^^^^^^^^^^^^^^^^^^^^^^
    )
    ^
  File "/Users/ayushmishra/clausr2.0/venv/lib/python3.14/site-packages/anyio/_backends/_asyncio.py", line 2518, in run_sync_in_worker_thread
    return await future
           ^^^^^^^^^^^^
  File "/Users/ayushmishra/clausr2.0/venv/lib/python3.14/site-packages/anyio/_backends/_asyncio.py", line 1002, in run
    result = context.run(func, *args)
  File "/Users/ayushmishra/clausr2.0/server/app.py", line 46, in reset
    return env.reset(task_id=task_id)
           ~~~~~~~~~^^^^^^^^^^^^^^^^^
  File "/Users/ayushmishra/clausr2.0/server/environment.py", line 40, in reset
    return self._make_observation(done=False)
           ~~~~~~~~~~~~~~~~~~~~~~^^^^^^^^^^^^
  File "/Users/ayushmishra/clausr2.0/server/environment.py", line 87, in _make_observation
    clauses = [Clause(**c) for c in self._contract["clauses"]]
                                    ~~~~~~~~~~~~~~^^^^^^^^^^^
KeyError: 'clauses'
INFO:     127.0.0.1:49455 - "POST /reset?task_id=lexmind_hard HTTP/1.1" 500 Internal Server Error
ERROR:    Exception in ASGI application
Traceback (most recent call last):
  File "/Users/ayushmishra/clausr2.0/venv/lib/python3.14/site-packages/uvicorn/protocols/http/h11_impl.py", line 415, in run_asgi
    result = await app(  # type: ignore[func-returns-value]
             ^^^^^^^^^^^^^^^^^^^^^^^^^^^^^^^^^^^^^^^^^^^^^^
        self.scope, self.receive, self.send
        ^^^^^^^^^^^^^^^^^^^^^^^^^^^^^^^^^^^
    )
    ^
  File "/Users/ayushmishra/clausr2.0/venv/lib/python3.14/site-packages/uvicorn/middleware/proxy_headers.py", line 56, in __call__
    return await self.app(scope, receive, send)
           ^^^^^^^^^^^^^^^^^^^^^^^^^^^^^^^^^^^^
  File "/Users/ayushmishra/clausr2.0/venv/lib/python3.14/site-packages/fastapi/applications.py", line 1159, in __call__
    await super().__call__(scope, receive, send)
  File "/Users/ayushmishra/clausr2.0/venv/lib/python3.14/site-packages/starlette/applications.py", line 90, in __call__
    await self.middleware_stack(scope, receive, send)
  File "/Users/ayushmishra/clausr2.0/venv/lib/python3.14/site-packages/starlette/middleware/errors.py", line 186, in __call__
    raise exc
  File "/Users/ayushmishra/clausr2.0/venv/lib/python3.14/site-packages/starlette/middleware/errors.py", line 164, in __call__
    await self.app(scope, receive, _send)
  File "/Users/ayushmishra/clausr2.0/venv/lib/python3.14/site-packages/starlette/middleware/cors.py", line 88, in __call__
    await self.app(scope, receive, send)
  File "/Users/ayushmishra/clausr2.0/venv/lib/python3.14/site-packages/starlette/middleware/exceptions.py", line 63, in __call__
    await wrap_app_handling_exceptions(self.app, conn)(scope, receive, send)
  File "/Users/ayushmishra/clausr2.0/venv/lib/python3.14/site-packages/starlette/_exception_handler.py", line 53, in wrapped_app
    raise exc
  File "/Users/ayushmishra/clausr2.0/venv/lib/python3.14/site-packages/starlette/_exception_handler.py", line 42, in wrapped_app
    await app(scope, receive, sender)
  File "/Users/ayushmishra/clausr2.0/venv/lib/python3.14/site-packages/fastapi/middleware/asyncexitstack.py", line 18, in __call__
    await self.app(scope, receive, send)
  File "/Users/ayushmishra/clausr2.0/venv/lib/python3.14/site-packages/starlette/routing.py", line 660, in __call__
    await self.middleware_stack(scope, receive, send)
  File "/Users/ayushmishra/clausr2.0/venv/lib/python3.14/site-packages/starlette/routing.py", line 680, in app
    await route.handle(scope, receive, send)
  File "/Users/ayushmishra/clausr2.0/venv/lib/python3.14/site-packages/starlette/routing.py", line 276, in handle
    await self.app(scope, receive, send)
  File "/Users/ayushmishra/clausr2.0/venv/lib/python3.14/site-packages/fastapi/routing.py", line 134, in app
    await wrap_app_handling_exceptions(app, request)(scope, receive, send)
  File "/Users/ayushmishra/clausr2.0/venv/lib/python3.14/site-packages/starlette/_exception_handler.py", line 53, in wrapped_app
    raise exc
  File "/Users/ayushmishra/clausr2.0/venv/lib/python3.14/site-packages/starlette/_exception_handler.py", line 42, in wrapped_app
    await app(scope, receive, sender)
  File "/Users/ayushmishra/clausr2.0/venv/lib/python3.14/site-packages/fastapi/routing.py", line 120, in app
    response = await f(request)
               ^^^^^^^^^^^^^^^^
  File "/Users/ayushmishra/clausr2.0/venv/lib/python3.14/site-packages/fastapi/routing.py", line 674, in app
    raw_response = await run_endpoint_function(
                   ^^^^^^^^^^^^^^^^^^^^^^^^^^^^
    ...<3 lines>...
    )
    ^
  File "/Users/ayushmishra/clausr2.0/venv/lib/python3.14/site-packages/fastapi/routing.py", line 330, in run_endpoint_function
    return await run_in_threadpool(dependant.call, **values)
           ^^^^^^^^^^^^^^^^^^^^^^^^^^^^^^^^^^^^^^^^^^^^^^^^^
  File "/Users/ayushmishra/clausr2.0/venv/lib/python3.14/site-packages/starlette/concurrency.py", line 32, in run_in_threadpool
    return await anyio.to_thread.run_sync(func)
           ^^^^^^^^^^^^^^^^^^^^^^^^^^^^^^^^^^^^
  File "/Users/ayushmishra/clausr2.0/venv/lib/python3.14/site-packages/anyio/to_thread.py", line 63, in run_sync
    return await get_async_backend().run_sync_in_worker_thread(
           ^^^^^^^^^^^^^^^^^^^^^^^^^^^^^^^^^^^^^^^^^^^^^^^^^^^^
        func, args, abandon_on_cancel=abandon_on_cancel, limiter=limiter
        ^^^^^^^^^^^^^^^^^^^^^^^^^^^^^^^^^^^^^^^^^^^^^^^^^^^^^^^^^^^^^^^^
    )
    ^
  File "/Users/ayushmishra/clausr2.0/venv/lib/python3.14/site-packages/anyio/_backends/_asyncio.py", line 2518, in run_sync_in_worker_thread
    return await future
           ^^^^^^^^^^^^
  File "/Users/ayushmishra/clausr2.0/venv/lib/python3.14/site-packages/anyio/_backends/_asyncio.py", line 1002, in run
    result = context.run(func, *args)
  File "/Users/ayushmishra/clausr2.0/server/app.py", line 46, in reset
    return env.reset(task_id=task_id)
           ~~~~~~~~~^^^^^^^^^^^^^^^^^
  File "/Users/ayushmishra/clausr2.0/server/environment.py", line 32, in reset
    raise FileNotFoundError(
        f"No contracts found for task_id: {task_id} at {self._contracts_dir}/{pattern}"
    )
FileNotFoundError: No contracts found for task_id: lexmind_hard at /Users/ayushmishra/clausr2.0/data/contracts/lexmind_hard_*.json
INFO:     127.0.0.1:49456 - "POST /reset?task_id=adversarial_easy HTTP/1.1" 200 OK
INFO:     127.0.0.1:49468 - "POST /step HTTP/1.1" 200 OK
INFO:     127.0.0.1:49469 - "POST /reset?task_id=adversarial_medium HTTP/1.1" 200 OK
INFO:     127.0.0.1:49492 - "POST /step HTTP/1.1" 200 OK
INFO:     127.0.0.1:49493 - "POST /reset?task_id=adversarial_hard HTTP/1.1" 200 OK
INFO:     127.0.0.1:49551 - "POST /step HTTP/1.1" 200 OK
INFO:     127.0.0.1:49552 - "POST /reset?task_id=adversarial_selfplay HTTP/1.1" 500 Internal Server Error
ERROR:    Exception in ASGI application
Traceback (most recent call last):
  File "/Users/ayushmishra/clausr2.0/venv/lib/python3.14/site-packages/uvicorn/protocols/http/h11_impl.py", line 415, in run_asgi
    result = await app(  # type: ignore[func-returns-value]
             ^^^^^^^^^^^^^^^^^^^^^^^^^^^^^^^^^^^^^^^^^^^^^^
        self.scope, self.receive, self.send
        ^^^^^^^^^^^^^^^^^^^^^^^^^^^^^^^^^^^
    )
    ^
  File "/Users/ayushmishra/clausr2.0/venv/lib/python3.14/site-packages/uvicorn/middleware/proxy_headers.py", line 56, in __call__
    return await self.app(scope, receive, send)
           ^^^^^^^^^^^^^^^^^^^^^^^^^^^^^^^^^^^^
  File "/Users/ayushmishra/clausr2.0/venv/lib/python3.14/site-packages/fastapi/applications.py", line 1159, in __call__
    await super().__call__(scope, receive, send)
  File "/Users/ayushmishra/clausr2.0/venv/lib/python3.14/site-packages/starlette/applications.py", line 90, in __call__
    await self.middleware_stack(scope, receive, send)
  File "/Users/ayushmishra/clausr2.0/venv/lib/python3.14/site-packages/starlette/middleware/errors.py", line 186, in __call__
    raise exc
  File "/Users/ayushmishra/clausr2.0/venv/lib/python3.14/site-packages/starlette/middleware/errors.py", line 164, in __call__
    await self.app(scope, receive, _send)
  File "/Users/ayushmishra/clausr2.0/venv/lib/python3.14/site-packages/starlette/middleware/cors.py", line 88, in __call__
    await self.app(scope, receive, send)
  File "/Users/ayushmishra/clausr2.0/venv/lib/python3.14/site-packages/starlette/middleware/exceptions.py", line 63, in __call__
    await wrap_app_handling_exceptions(self.app, conn)(scope, receive, send)
  File "/Users/ayushmishra/clausr2.0/venv/lib/python3.14/site-packages/starlette/_exception_handler.py", line 53, in wrapped_app
    raise exc
  File "/Users/ayushmishra/clausr2.0/venv/lib/python3.14/site-packages/starlette/_exception_handler.py", line 42, in wrapped_app
    await app(scope, receive, sender)
  File "/Users/ayushmishra/clausr2.0/venv/lib/python3.14/site-packages/fastapi/middleware/asyncexitstack.py", line 18, in __call__
    await self.app(scope, receive, send)
  File "/Users/ayushmishra/clausr2.0/venv/lib/python3.14/site-packages/starlette/routing.py", line 660, in __call__
    await self.middleware_stack(scope, receive, send)
  File "/Users/ayushmishra/clausr2.0/venv/lib/python3.14/site-packages/starlette/routing.py", line 680, in app
    await route.handle(scope, receive, send)
  File "/Users/ayushmishra/clausr2.0/venv/lib/python3.14/site-packages/starlette/routing.py", line 276, in handle
    await self.app(scope, receive, send)
  File "/Users/ayushmishra/clausr2.0/venv/lib/python3.14/site-packages/fastapi/routing.py", line 134, in app
    await wrap_app_handling_exceptions(app, request)(scope, receive, send)
  File "/Users/ayushmishra/clausr2.0/venv/lib/python3.14/site-packages/starlette/_exception_handler.py", line 53, in wrapped_app
    raise exc
  File "/Users/ayushmishra/clausr2.0/venv/lib/python3.14/site-packages/starlette/_exception_handler.py", line 42, in wrapped_app
    await app(scope, receive, sender)
  File "/Users/ayushmishra/clausr2.0/venv/lib/python3.14/site-packages/fastapi/routing.py", line 120, in app
    response = await f(request)
               ^^^^^^^^^^^^^^^^
  File "/Users/ayushmishra/clausr2.0/venv/lib/python3.14/site-packages/fastapi/routing.py", line 674, in app
    raw_response = await run_endpoint_function(
                   ^^^^^^^^^^^^^^^^^^^^^^^^^^^^
    ...<3 lines>...
    )
    ^
  File "/Users/ayushmishra/clausr2.0/venv/lib/python3.14/site-packages/fastapi/routing.py", line 330, in run_endpoint_function
    return await run_in_threadpool(dependant.call, **values)
           ^^^^^^^^^^^^^^^^^^^^^^^^^^^^^^^^^^^^^^^^^^^^^^^^^
  File "/Users/ayushmishra/clausr2.0/venv/lib/python3.14/site-packages/starlette/concurrency.py", line 32, in run_in_threadpool
    return await anyio.to_thread.run_sync(func)
           ^^^^^^^^^^^^^^^^^^^^^^^^^^^^^^^^^^^^
  File "/Users/ayushmishra/clausr2.0/venv/lib/python3.14/site-packages/anyio/to_thread.py", line 63, in run_sync
    return await get_async_backend().run_sync_in_worker_thread(
           ^^^^^^^^^^^^^^^^^^^^^^^^^^^^^^^^^^^^^^^^^^^^^^^^^^^^
        func, args, abandon_on_cancel=abandon_on_cancel, limiter=limiter
        ^^^^^^^^^^^^^^^^^^^^^^^^^^^^^^^^^^^^^^^^^^^^^^^^^^^^^^^^^^^^^^^^
    )
    ^
  File "/Users/ayushmishra/clausr2.0/venv/lib/python3.14/site-packages/anyio/_backends/_asyncio.py", line 2518, in run_sync_in_worker_thread
    return await future
           ^^^^^^^^^^^^
  File "/Users/ayushmishra/clausr2.0/venv/lib/python3.14/site-packages/anyio/_backends/_asyncio.py", line 1002, in run
    result = context.run(func, *args)
  File "/Users/ayushmishra/clausr2.0/server/app.py", line 46, in reset
    return env.reset(task_id=task_id)
           ~~~~~~~~~^^^^^^^^^^^^^^^^^
  File "/Users/ayushmishra/clausr2.0/server/environment.py", line 32, in reset
    raise FileNotFoundError(
        f"No contracts found for task_id: {task_id} at {self._contracts_dir}/{pattern}"
    )
FileNotFoundError: No contracts found for task_id: adversarial_selfplay at /Users/ayushmishra/clausr2.0/data/contracts/adversarial_selfplay_*.json
INFO:     127.0.0.1:49553 - "POST /reset?task_id=curriculum_adaptive HTTP/1.1" 500 Internal Server Error
ERROR:    Exception in ASGI application
Traceback (most recent call last):
  File "/Users/ayushmishra/clausr2.0/venv/lib/python3.14/site-packages/uvicorn/protocols/http/h11_impl.py", line 415, in run_asgi
    result = await app(  # type: ignore[func-returns-value]
             ^^^^^^^^^^^^^^^^^^^^^^^^^^^^^^^^^^^^^^^^^^^^^^
        self.scope, self.receive, self.send
        ^^^^^^^^^^^^^^^^^^^^^^^^^^^^^^^^^^^
    )
    ^
  File "/Users/ayushmishra/clausr2.0/venv/lib/python3.14/site-packages/uvicorn/middleware/proxy_headers.py", line 56, in __call__
    return await self.app(scope, receive, send)
           ^^^^^^^^^^^^^^^^^^^^^^^^^^^^^^^^^^^^
  File "/Users/ayushmishra/clausr2.0/venv/lib/python3.14/site-packages/fastapi/applications.py", line 1159, in __call__
    await super().__call__(scope, receive, send)
  File "/Users/ayushmishra/clausr2.0/venv/lib/python3.14/site-packages/starlette/applications.py", line 90, in __call__
    await self.middleware_stack(scope, receive, send)
  File "/Users/ayushmishra/clausr2.0/venv/lib/python3.14/site-packages/starlette/middleware/errors.py", line 186, in __call__
    raise exc
  File "/Users/ayushmishra/clausr2.0/venv/lib/python3.14/site-packages/starlette/middleware/errors.py", line 164, in __call__
    await self.app(scope, receive, _send)
  File "/Users/ayushmishra/clausr2.0/venv/lib/python3.14/site-packages/starlette/middleware/cors.py", line 88, in __call__
    await self.app(scope, receive, send)
  File "/Users/ayushmishra/clausr2.0/venv/lib/python3.14/site-packages/starlette/middleware/exceptions.py", line 63, in __call__
    await wrap_app_handling_exceptions(self.app, conn)(scope, receive, send)
  File "/Users/ayushmishra/clausr2.0/venv/lib/python3.14/site-packages/starlette/_exception_handler.py", line 53, in wrapped_app
    raise exc
  File "/Users/ayushmishra/clausr2.0/venv/lib/python3.14/site-packages/starlette/_exception_handler.py", line 42, in wrapped_app
    await app(scope, receive, sender)
  File "/Users/ayushmishra/clausr2.0/venv/lib/python3.14/site-packages/fastapi/middleware/asyncexitstack.py", line 18, in __call__
    await self.app(scope, receive, send)
  File "/Users/ayushmishra/clausr2.0/venv/lib/python3.14/site-packages/starlette/routing.py", line 660, in __call__
    await self.middleware_stack(scope, receive, send)
  File "/Users/ayushmishra/clausr2.0/venv/lib/python3.14/site-packages/starlette/routing.py", line 680, in app
    await route.handle(scope, receive, send)
  File "/Users/ayushmishra/clausr2.0/venv/lib/python3.14/site-packages/starlette/routing.py", line 276, in handle
    await self.app(scope, receive, send)
  File "/Users/ayushmishra/clausr2.0/venv/lib/python3.14/site-packages/fastapi/routing.py", line 134, in app
    await wrap_app_handling_exceptions(app, request)(scope, receive, send)
  File "/Users/ayushmishra/clausr2.0/venv/lib/python3.14/site-packages/starlette/_exception_handler.py", line 53, in wrapped_app
    raise exc
  File "/Users/ayushmishra/clausr2.0/venv/lib/python3.14/site-packages/starlette/_exception_handler.py", line 42, in wrapped_app
    await app(scope, receive, sender)
  File "/Users/ayushmishra/clausr2.0/venv/lib/python3.14/site-packages/fastapi/routing.py", line 120, in app
    response = await f(request)
               ^^^^^^^^^^^^^^^^
  File "/Users/ayushmishra/clausr2.0/venv/lib/python3.14/site-packages/fastapi/routing.py", line 674, in app
    raw_response = await run_endpoint_function(
                   ^^^^^^^^^^^^^^^^^^^^^^^^^^^^
    ...<3 lines>...
    )
    ^
  File "/Users/ayushmishra/clausr2.0/venv/lib/python3.14/site-packages/fastapi/routing.py", line 330, in run_endpoint_function
    return await run_in_threadpool(dependant.call, **values)
           ^^^^^^^^^^^^^^^^^^^^^^^^^^^^^^^^^^^^^^^^^^^^^^^^^
  File "/Users/ayushmishra/clausr2.0/venv/lib/python3.14/site-packages/starlette/concurrency.py", line 32, in run_in_threadpool
    return await anyio.to_thread.run_sync(func)
           ^^^^^^^^^^^^^^^^^^^^^^^^^^^^^^^^^^^^
  File "/Users/ayushmishra/clausr2.0/venv/lib/python3.14/site-packages/anyio/to_thread.py", line 63, in run_sync
    return await get_async_backend().run_sync_in_worker_thread(
           ^^^^^^^^^^^^^^^^^^^^^^^^^^^^^^^^^^^^^^^^^^^^^^^^^^^^
        func, args, abandon_on_cancel=abandon_on_cancel, limiter=limiter
        ^^^^^^^^^^^^^^^^^^^^^^^^^^^^^^^^^^^^^^^^^^^^^^^^^^^^^^^^^^^^^^^^
    )
    ^
  File "/Users/ayushmishra/clausr2.0/venv/lib/python3.14/site-packages/anyio/_backends/_asyncio.py", line 2518, in run_sync_in_worker_thread
    return await future
           ^^^^^^^^^^^^
  File "/Users/ayushmishra/clausr2.0/venv/lib/python3.14/site-packages/anyio/_backends/_asyncio.py", line 1002, in run
    result = context.run(func, *args)
  File "/Users/ayushmishra/clausr2.0/server/app.py", line 46, in reset
    return env.reset(task_id=task_id)
           ~~~~~~~~~^^^^^^^^^^^^^^^^^
  File "/Users/ayushmishra/clausr2.0/server/environment.py", line 32, in reset
    raise FileNotFoundError(
        f"No contracts found for task_id: {task_id} at {self._contracts_dir}/{pattern}"
    )
FileNotFoundError: No contracts found for task_id: curriculum_adaptive at /Users/ayushmishra/clausr2.0/data/contracts/curriculum_adaptive_*.json
INFO:     127.0.0.1:49554 - "POST /constitution/reset?task_id=constitution_easy HTTP/1.1" 200 OK
INFO:     127.0.0.1:49628 - "POST /constitution/step?task_id=constitution_easy HTTP/1.1" 200 OK
INFO:     127.0.0.1:49629 - "POST /constitution/reset?task_id=constitution_medium HTTP/1.1" 200 OK
INFO:     127.0.0.1:49669 - "POST /constitution/step?task_id=constitution_medium HTTP/1.1" 200 OK
INFO:     127.0.0.1:49670 - "POST /constitution/reset?task_id=constitution_hard HTTP/1.1" 200 OK
INFO:     127.0.0.1:49707 - "POST /constitution/step?task_id=constitution_hard HTTP/1.1" 200 OK
INFO:     127.0.0.1:49708 - "POST /federated/reset?task_id=federated_easy HTTP/1.1" 200 OK
INFO:     127.0.0.1:49721 - "POST /federated/step HTTP/1.1" 200 OK
INFO:     127.0.0.1:49729 - "POST /federated/step HTTP/1.1" 200 OK
INFO:     127.0.0.1:49764 - "POST /federated/step HTTP/1.1" 200 OK
INFO:     127.0.0.1:49766 - "POST /federated/step HTTP/1.1" 200 OK
INFO:     127.0.0.1:49768 - "POST /federated/step HTTP/1.1" 200 OK
INFO:     127.0.0.1:49779 - "POST /federated/step HTTP/1.1" 200 OK
INFO:     127.0.0.1:49788 - "POST /federated/step HTTP/1.1" 200 OK
INFO:     127.0.0.1:49814 - "POST /federated/step HTTP/1.1" 200 OK
INFO:     127.0.0.1:49853 - "POST /federated/step HTTP/1.1" 200 OK
INFO:     127.0.0.1:49854 - "POST /federated/final_score HTTP/1.1" 200 OK
INFO:     127.0.0.1:49855 - "POST /federated/reset?task_id=federated_medium HTTP/1.1" 200 OK
INFO:     127.0.0.1:49856 - "POST /federated/step HTTP/1.1" 200 OK
INFO:     127.0.0.1:49857 - "POST /federated/step HTTP/1.1" 200 OK
INFO:     127.0.0.1:49865 - "POST /federated/step HTTP/1.1" 200 OK
INFO:     127.0.0.1:49867 - "POST /federated/step HTTP/1.1" 200 OK
INFO:     127.0.0.1:49892 - "POST /federated/step HTTP/1.1" 200 OK
INFO:     127.0.0.1:49899 - "POST /federated/step HTTP/1.1" 200 OK
INFO:     127.0.0.1:49950 - "POST /federated/step HTTP/1.1" 200 OK
INFO:     127.0.0.1:49962 - "POST /federated/step HTTP/1.1" 200 OK
INFO:     127.0.0.1:50121 - "POST /federated/step HTTP/1.1" 200 OK
INFO:     127.0.0.1:50122 - "POST /federated/final_score HTTP/1.1" 200 OK
INFO:     127.0.0.1:50123 - "POST /federated/reset?task_id=federated_hard HTTP/1.1" 200 OK
INFO:     127.0.0.1:50134 - "POST /federated/step HTTP/1.1" 200 OK
INFO:     127.0.0.1:50146 - "POST /federated/step HTTP/1.1" 200 OK
INFO:     127.0.0.1:50159 - "POST /federated/step HTTP/1.1" 200 OK
INFO:     127.0.0.1:50194 - "POST /federated/step HTTP/1.1" 200 OK
INFO:     127.0.0.1:50198 - "POST /federated/step HTTP/1.1" 200 OK
INFO:     127.0.0.1:50240 - "POST /federated/step HTTP/1.1" 200 OK
INFO:     127.0.0.1:50253 - "POST /federated/step HTTP/1.1" 200 OK
INFO:     127.0.0.1:50256 - "POST /federated/step HTTP/1.1" 200 OK
INFO:     127.0.0.1:50267 - "POST /federated/step HTTP/1.1" 200 OK
INFO:     127.0.0.1:50281 - "POST /federated/step HTTP/1.1" 200 OK
INFO:     127.0.0.1:50299 - "POST /federated/step HTTP/1.1" 200 OK
INFO:     127.0.0.1:50306 - "POST /federated/step HTTP/1.1" 200 OK
INFO:     127.0.0.1:50342 - "POST /federated/step HTTP/1.1" 200 OK
INFO:     127.0.0.1:50361 - "POST /federated/step HTTP/1.1" 200 OK
INFO:     127.0.0.1:50377 - "POST /federated/step HTTP/1.1" 200 OK
INFO:     127.0.0.1:50378 - "POST /federated/final_score HTTP/1.1" 200 OK
INFO:     127.0.0.1:50379 - "POST /timemachine/reset?task_id=timemachine_easy HTTP/1.1" 200 OK
INFO:     127.0.0.1:50421 - "POST /timemachine/step HTTP/1.1" 200 OK
INFO:     127.0.0.1:50422 - "POST /timemachine/reset?task_id=timemachine_medium HTTP/1.1" 200 OK
INFO:     127.0.0.1:50496 - "POST /timemachine/reset?task_id=timemachine_hard HTTP/1.1" 200 OK
INFO:     127.0.0.1:50500 - "POST /reset?task_id=easy HTTP/1.1" 200 OK
INFO:     127.0.0.1:50501 - "POST /step HTTP/1.1" 200 OK
INFO:     Shutting down
INFO:     Waiting for application shutdown.
INFO:     Application shutdown complete.
INFO:     Finished server process [9646]
