INFO:     Started server process [8903]
INFO:     Waiting for application startup.
INFO:     Application startup complete.
INFO:     Uvicorn running on http://127.0.0.1:7860 (Press CTRL+C to quit)
INFO:     127.0.0.1:64081 - "POST /reset?task_id=easy HTTP/1.1" 200 OK
INFO:     127.0.0.1:64085 - "POST /step HTTP/1.1" 200 OK
INFO:     127.0.0.1:64086 - "POST /reset?task_id=medium HTTP/1.1" 200 OK
INFO:     127.0.0.1:64115 - "POST /step HTTP/1.1" 200 OK
INFO:     127.0.0.1:64116 - "POST /reset?task_id=hard HTTP/1.1" 200 OK
INFO:     127.0.0.1:64117 - "POST /fingerprint HTTP/1.1" 200 OK
INFO:     127.0.0.1:64212 - "POST /step HTTP/1.1" 200 OK
INFO:     127.0.0.1:64213 - "POST /fingerprint HTTP/1.1" 200 OK
INFO:     127.0.0.1:64214 - "POST /reset?task_id=execution_easy HTTP/1.1" 500 Internal Server Error
ERROR:    Exception in ASGI application
Traceback (most recent call last):
  File "/Users/ayushmishra/clausr2.0/venv/lib/python3.14/site-packages/uvicorn/protocols/http/h11_impl.py", line 415, in run_asgi
    result = await app(  # type: ignore[func-returns-value]
             ^^^^^^^^^^^^^^^^^^^^^^^^^^^^^^^^^^^^^^^^^^^^^^
        self.scope, self.receive, self.send
        ^^^^^^^^^^^^^^^^^^^^^^^^^^^^^^^^^^^
    )
    ^
  File "/Users/ayushmishra/clausr2.0/venv/lib/python3.14/site-packages/uvicorn/middleware/proxy_headers.py", line 56, in __call__
    return await self.app(scope, receive, send)
           ^^^^^^^^^^^^^^^^^^^^^^^^^^^^^^^^^^^^
  File "/Users/ayushmishra/clausr2.0/venv/lib/python3.14/site-packages/fastapi/applications.py", line 1159, in __call__
    await super().__call__(scope, receive, send)
  File "/Users/ayushmishra/clausr2.0/venv/lib/python3.14/site-packages/starlette/applications.py", line 90, in __call__
    await self.middleware_stack(scope, receive, send)
  File "/Users/ayushmishra/clausr2.0/venv/lib/python3.14/site-packages/starlette/middleware/errors.py", line 186, in __call__
    raise exc
  File "/Users/ayushmishra/clausr2.0/venv/lib/python3.14/site-packages/starlette/middleware/errors.py", line 164, in __call__
    await self.app(scope, receive, _send)
  File "/Users/ayushmishra/clausr2.0/venv/lib/python3.14/site-packages/starlette/middleware/cors.py", line 88, in __call__
    await self.app(scope, receive, send)
  File "/Users/ayushmishra/clausr2.0/venv/lib/python3.14/site-packages/starlette/middleware/exceptions.py", line 63, in __call__
    await wrap_app_handling_exceptions(self.app, conn)(scope, receive, send)
  File "/Users/ayushmishra/clausr2.0/venv/lib/python3.14/site-packages/starlette/_exception_handler.py", line 53, in wrapped_app
    raise exc
  File "/Users/ayushmishra/clausr2.0/venv/lib/python3.14/site-packages/starlette/_exception_handler.py", line 42, in wrapped_app
    await app(scope, receive, sender)
  File "/Users/ayushmishra/clausr2.0/venv/lib/python3.14/site-packages/fastapi/middleware/asyncexitstack.py", line 18, in __call__
    await self.app(scope, receive, send)
  File "/Users/ayushmishra/clausr2.0/venv/lib/python3.14/site-packages/starlette/routing.py", line 660, in __call__
    await self.middleware_stack(scope, receive, send)
  File "/Users/ayushmishra/clausr2.0/venv/lib/python3.14/site-packages/starlette/routing.py", line 680, in app
    await route.handle(scope, receive, send)
  File "/Users/ayushmishra/clausr2.0/venv/lib/python3.14/site-packages/starlette/routing.py", line 276, in handle
    await self.app(scope, receive, send)
  File "/Users/ayushmishra/clausr2.0/venv/lib/python3.14/site-packages/fastapi/routing.py", line 134, in app
    await wrap_app_handling_exceptions(app, request)(scope, receive, send)
  File "/Users/ayushmishra/clausr2.0/venv/lib/python3.14/site-packages/starlette/_exception_handler.py", line 53, in wrapped_app
    raise exc
  File "/Users/ayushmishra/clausr2.0/venv/lib/python3.14/site-packages/starlette/_exception_handler.py", line 42, in wrapped_app
    await app(scope, receive, sender)
  File "/Users/ayushmishra/clausr2.0/venv/lib/python3.14/site-packages/fastapi/routing.py", line 120, in app
    response = await f(request)
               ^^^^^^^^^^^^^^^^
  File "/Users/ayushmishra/clausr2.0/venv/lib/python3.14/site-packages/fastapi/routing.py", line 674, in app
    raw_response = await run_endpoint_function(
                   ^^^^^^^^^^^^^^^^^^^^^^^^^^^^
    ...<3 lines>...
    )
    ^
  File "/Users/ayushmishra/clausr2.0/venv/lib/python3.14/site-packages/fastapi/routing.py", line 330, in run_endpoint_function
    return await run_in_threadpool(dependant.call, **values)
           ^^^^^^^^^^^^^^^^^^^^^^^^^^^^^^^^^^^^^^^^^^^^^^^^^
  File "/Users/ayushmishra/clausr2.0/venv/lib/python3.14/site-packages/starlette/concurrency.py", line 32, in run_in_threadpool
    return await anyio.to_thread.run_sync(func)
           ^^^^^^^^^^^^^^^^^^^^^^^^^^^^^^^^^^^^
  File "/Users/ayushmishra/clausr2.0/venv/lib/python3.14/site-packages/anyio/to_thread.py", line 63, in run_sync
    return await get_async_backend().run_sync_in_worker_thread(
           ^^^^^^^^^^^^^^^^^^^^^^^^^^^^^^^^^^^^^^^^^^^^^^^^^^^^
        func, args, abandon_on_cancel=abandon_on_cancel, limiter=limiter
        ^^^^^^^^^^^^^^^^^^^^^^^^^^^^^^^^^^^^^^^^^^^^^^^^^^^^^^^^^^^^^^^^
    )
    ^
  File "/Users/ayushmishra/clausr2.0/venv/lib/python3.14/site-packages/anyio/_backends/_asyncio.py", line 2518, in run_sync_in_worker_thread
    return await future
           ^^^^^^^^^^^^
  File "/Users/ayushmishra/clausr2.0/venv/lib/python3.14/site-packages/anyio/_backends/_asyncio.py", line 1002, in run
    result = context.run(func, *args)
  File "/Users/ayushmishra/clausr2.0/server/app.py", line 46, in reset
    return env.reset(task_id=task_id)
           ~~~~~~~~~^^^^^^^^^^^^^^^^^
  File "/Users/ayushmishra/clausr2.0/server/environment.py", line 32, in reset
    raise FileNotFoundError(
        f"No contracts found for task_id: {task_id} at {self._contracts_dir}/{pattern}"
    )
FileNotFoundError: No contracts found for task_id: execution_easy at /Users/ayushmishra/clausr2.0/data/contracts/execution_easy_*.json
INFO:     127.0.0.1:64215 - "POST /reset?task_id=execution_medium HTTP/1.1" 500 Internal Server Error
ERROR:    Exception in ASGI application
Traceback (most recent call last):
  File "/Users/ayushmishra/clausr2.0/venv/lib/python3.14/site-packages/uvicorn/protocols/http/h11_impl.py", line 415, in run_asgi
    result = await app(  # type: ignore[func-returns-value]
             ^^^^^^^^^^^^^^^^^^^^^^^^^^^^^^^^^^^^^^^^^^^^^^
        self.scope, self.receive, self.send
        ^^^^^^^^^^^^^^^^^^^^^^^^^^^^^^^^^^^
    )
    ^
  File "/Users/ayushmishra/clausr2.0/venv/lib/python3.14/site-packages/uvicorn/middleware/proxy_headers.py", line 56, in __call__
    return await self.app(scope, receive, send)
           ^^^^^^^^^^^^^^^^^^^^^^^^^^^^^^^^^^^^
  File "/Users/ayushmishra/clausr2.0/venv/lib/python3.14/site-packages/fastapi/applications.py", line 1159, in __call__
    await super().__call__(scope, receive, send)
  File "/Users/ayushmishra/clausr2.0/venv/lib/python3.14/site-packages/starlette/applications.py", line 90, in __call__
    await self.middleware_stack(scope, receive, send)
  File "/Users/ayushmishra/clausr2.0/venv/lib/python3.14/site-packages/starlette/middleware/errors.py", line 186, in __call__
    raise exc
  File "/Users/ayushmishra/clausr2.0/venv/lib/python3.14/site-packages/starlette/middleware/errors.py", line 164, in __call__
    await self.app(scope, receive, _send)
  File "/Users/ayushmishra/clausr2.0/venv/lib/python3.14/site-packages/starlette/middleware/cors.py", line 88, in __call__
    await self.app(scope, receive, send)
  File "/Users/ayushmishra/clausr2.0/venv/lib/python3.14/site-packages/starlette/middleware/exceptions.py", line 63, in __call__
    await wrap_app_handling_exceptions(self.app, conn)(scope, receive, send)
  File "/Users/ayushmishra/clausr2.0/venv/lib/python3.14/site-packages/starlette/_exception_handler.py", line 53, in wrapped_app
    raise exc
  File "/Users/ayushmishra/clausr2.0/venv/lib/python3.14/site-packages/starlette/_exception_handler.py", line 42, in wrapped_app
    await app(scope, receive, sender)
  File "/Users/ayushmishra/clausr2.0/venv/lib/python3.14/site-packages/fastapi/middleware/asyncexitstack.py", line 18, in __call__
    await self.app(scope, receive, send)
  File "/Users/ayushmishra/clausr2.0/venv/lib/python3.14/site-packages/starlette/routing.py", line 660, in __call__
    await self.middleware_stack(scope, receive, send)
  File "/Users/ayushmishra/clausr2.0/venv/lib/python3.14/site-packages/starlette/routing.py", line 680, in app
    await route.handle(scope, receive, send)
  File "/Users/ayushmishra/clausr2.0/venv/lib/python3.14/site-packages/starlette/routing.py", line 276, in handle
    await self.app(scope, receive, send)
  File "/Users/ayushmishra/clausr2.0/venv/lib/python3.14/site-packages/fastapi/routing.py", line 134, in app
    await wrap_app_handling_exceptions(app, request)(scope, receive, send)
  File "/Users/ayushmishra/clausr2.0/venv/lib/python3.14/site-packages/starlette/_exception_handler.py", line 53, in wrapped_app
    raise exc
  File "/Users/ayushmishra/clausr2.0/venv/lib/python3.14/site-packages/starlette/_exception_handler.py", line 42, in wrapped_app
    await app(scope, receive, sender)
  File "/Users/ayushmishra/clausr2.0/venv/lib/python3.14/site-packages/fastapi/routing.py", line 120, in app
    response = await f(request)
               ^^^^^^^^^^^^^^^^
  File "/Users/ayushmishra/clausr2.0/venv/lib/python3.14/site-packages/fastapi/routing.py", line 674, in app
    raw_response = await run_endpoint_function(
                   ^^^^^^^^^^^^^^^^^^^^^^^^^^^^
    ...<3 lines>...
    )
    ^
  File "/Users/ayushmishra/clausr2.0/venv/lib/python3.14/site-packages/fastapi/routing.py", line 330, in run_endpoint_function
    return await run_in_threadpool(dependant.call, **values)
           ^^^^^^^^^^^^^^^^^^^^^^^^^^^^^^^^^^^^^^^^^^^^^^^^^
  File "/Users/ayushmishra/clausr2.0/venv/lib/python3.14/site-packages/starlette/concurrency.py", line 32, in run_in_threadpool
    return await anyio.to_thread.run_sync(func)
           ^^^^^^^^^^^^^^^^^^^^^^^^^^^^^^^^^^^^
  File "/Users/ayushmishra/clausr2.0/venv/lib/python3.14/site-packages/anyio/to_thread.py", line 63, in run_sync
    return await get_async_backend().run_sync_in_worker_thread(
           ^^^^^^^^^^^^^^^^^^^^^^^^^^^^^^^^^^^^^^^^^^^^^^^^^^^^
        func, args, abandon_on_cancel=abandon_on_cancel, limiter=limiter
        ^^^^^^^^^^^^^^^^^^^^^^^^^^^^^^^^^^^^^^^^^^^^^^^^^^^^^^^^^^^^^^^^
    )
    ^
  File "/Users/ayushmishra/clausr2.0/venv/lib/python3.14/site-packages/anyio/_backends/_asyncio.py", line 2518, in run_sync_in_worker_thread
    return await future
           ^^^^^^^^^^^^
  File "/Users/ayushmishra/clausr2.0/venv/lib/python3.14/site-packages/anyio/_backends/_asyncio.py", line 1002, in run
    result = context.run(func, *args)
  File "/Users/ayushmishra/clausr2.0/server/app.py", line 46, in reset
    return env.reset(task_id=task_id)
           ~~~~~~~~~^^^^^^^^^^^^^^^^^
  File "/Users/ayushmishra/clausr2.0/server/environment.py", line 32, in reset
    raise FileNotFoundError(
        f"No contracts found for task_id: {task_id} at {self._contracts_dir}/{pattern}"
    )
FileNotFoundError: No contracts found for task_id: execution_medium at /Users/ayushmishra/clausr2.0/data/contracts/execution_medium_*.json
INFO:     127.0.0.1:64216 - "POST /reset?task_id=execution_hard HTTP/1.1" 500 Internal Server Error
ERROR:    Exception in ASGI application
Traceback (most recent call last):
  File "/Users/ayushmishra/clausr2.0/venv/lib/python3.14/site-packages/uvicorn/protocols/http/h11_impl.py", line 415, in run_asgi
    result = await app(  # type: ignore[func-returns-value]
             ^^^^^^^^^^^^^^^^^^^^^^^^^^^^^^^^^^^^^^^^^^^^^^
        self.scope, self.receive, self.send
        ^^^^^^^^^^^^^^^^^^^^^^^^^^^^^^^^^^^
    )
    ^
  File "/Users/ayushmishra/clausr2.0/venv/lib/python3.14/site-packages/uvicorn/middleware/proxy_headers.py", line 56, in __call__
    return await self.app(scope, receive, send)
           ^^^^^^^^^^^^^^^^^^^^^^^^^^^^^^^^^^^^
  File "/Users/ayushmishra/clausr2.0/venv/lib/python3.14/site-packages/fastapi/applications.py", line 1159, in __call__
    await super().__call__(scope, receive, send)
  File "/Users/ayushmishra/clausr2.0/venv/lib/python3.14/site-packages/starlette/applications.py", line 90, in __call__
    await self.middleware_stack(scope, receive, send)
  File "/Users/ayushmishra/clausr2.0/venv/lib/python3.14/site-packages/starlette/middleware/errors.py", line 186, in __call__
    raise exc
  File "/Users/ayushmishra/clausr2.0/venv/lib/python3.14/site-packages/starlette/middleware/errors.py", line 164, in __call__
    await self.app(scope, receive, _send)
  File "/Users/ayushmishra/clausr2.0/venv/lib/python3.14/site-packages/starlette/middleware/cors.py", line 88, in __call__
    await self.app(scope, receive, send)
  File "/Users/ayushmishra/clausr2.0/venv/lib/python3.14/site-packages/starlette/middleware/exceptions.py", line 63, in __call__
    await wrap_app_handling_exceptions(self.app, conn)(scope, receive, send)
  File "/Users/ayushmishra/clausr2.0/venv/lib/python3.14/site-packages/starlette/_exception_handler.py", line 53, in wrapped_app
    raise exc
  File "/Users/ayushmishra/clausr2.0/venv/lib/python3.14/site-packages/starlette/_exception_handler.py", line 42, in wrapped_app
    await app(scope, receive, sender)
  File "/Users/ayushmishra/clausr2.0/venv/lib/python3.14/site-packages/fastapi/middleware/asyncexitstack.py", line 18, in __call__
    await self.app(scope, receive, send)
  File "/Users/ayushmishra/clausr2.0/venv/lib/python3.14/site-packages/starlette/routing.py", line 660, in __call__
    await self.middleware_stack(scope, receive, send)
  File "/Users/ayushmishra/clausr2.0/venv/lib/python3.14/site-packages/starlette/routing.py", line 680, in app
    await route.handle(scope, receive, send)
  File "/Users/ayushmishra/clausr2.0/venv/lib/python3.14/site-packages/starlette/routing.py", line 276, in handle
    await self.app(scope, receive, send)
  File "/Users/ayushmishra/clausr2.0/venv/lib/python3.14/site-packages/fastapi/routing.py", line 134, in app
    await wrap_app_handling_exceptions(app, request)(scope, receive, send)
  File "/Users/ayushmishra/clausr2.0/venv/lib/python3.14/site-packages/starlette/_exception_handler.py", line 53, in wrapped_app
    raise exc
  File "/Users/ayushmishra/clausr2.0/venv/lib/python3.14/site-packages/starlette/_exception_handler.py", line 42, in wrapped_app
    await app(scope, receive, sender)
  File "/Users/ayushmishra/clausr2.0/venv/lib/python3.14/site-packages/fastapi/routing.py", line 120, in app
    response = await f(request)
               ^^^^^^^^^^^^^^^^
  File "/Users/ayushmishra/clausr2.0/venv/lib/python3.14/site-packages/fastapi/routing.py", line 674, in app
    raw_response = await run_endpoint_function(
                   ^^^^^^^^^^^^^^^^^^^^^^^^^^^^
    ...<3 lines>...
    )
    ^
  File "/Users/ayushmishra/clausr2.0/venv/lib/python3.14/site-packages/fastapi/routing.py", line 330, in run_endpoint_function
    return await run_in_threadpool(dependant.call, **values)
           ^^^^^^^^^^^^^^^^^^^^^^^^^^^^^^^^^^^^^^^^^^^^^^^^^
  File "/Users/ayushmishra/clausr2.0/venv/lib/python3.14/site-packages/starlette/concurrency.py", line 32, in run_in_threadpool
    return await anyio.to_thread.run_sync(func)
           ^^^^^^^^^^^^^^^^^^^^^^^^^^^^^^^^^^^^
  File "/Users/ayushmishra/clausr2.0/venv/lib/python3.14/site-packages/anyio/to_thread.py", line 63, in run_sync
    return await get_async_backend().run_sync_in_worker_thread(
           ^^^^^^^^^^^^^^^^^^^^^^^^^^^^^^^^^^^^^^^^^^^^^^^^^^^^
        func, args, abandon_on_cancel=abandon_on_cancel, limiter=limiter
        ^^^^^^^^^^^^^^^^^^^^^^^^^^^^^^^^^^^^^^^^^^^^^^^^^^^^^^^^^^^^^^^^
    )
    ^
  File "/Users/ayushmishra/clausr2.0/venv/lib/python3.14/site-packages/anyio/_backends/_asyncio.py", line 2518, in run_sync_in_worker_thread
    return await future
           ^^^^^^^^^^^^
  File "/Users/ayushmishra/clausr2.0/venv/lib/python3.14/site-packages/anyio/_backends/_asyncio.py", line 1002, in run
    result = context.run(func, *args)
  File "/Users/ayushmishra/clausr2.0/server/app.py", line 46, in reset
    return env.reset(task_id=task_id)
           ~~~~~~~~~^^^^^^^^^^^^^^^^^
  File "/Users/ayushmishra/clausr2.0/server/environment.py", line 32, in reset
    raise FileNotFoundError(
        f"No contracts found for task_id: {task_id} at {self._contracts_dir}/{pattern}"
    )
FileNotFoundError: No contracts found for task_id: execution_hard at /Users/ayushmishra/clausr2.0/data/contracts/execution_hard_*.json
INFO:     127.0.0.1:64217 - "POST /reset?task_id=lexmind_easy HTTP/1.1" 500 Internal Server Error
ERROR:    Exception in ASGI application
Traceback (most recent call last):
  File "/Users/ayushmishra/clausr2.0/venv/lib/python3.14/site-packages/uvicorn/protocols/http/h11_impl.py", line 415, in run_asgi
    result = await app(  # type: ignore[func-returns-value]
             ^^^^^^^^^^^^^^^^^^^^^^^^^^^^^^^^^^^^^^^^^^^^^^
        self.scope, self.receive, self.send
        ^^^^^^^^^^^^^^^^^^^^^^^^^^^^^^^^^^^
    )
    ^
  File "/Users/ayushmishra/clausr2.0/venv/lib/python3.14/site-packages/uvicorn/middleware/proxy_headers.py", line 56, in __call__
    return await self.app(scope, receive, send)
           ^^^^^^^^^^^^^^^^^^^^^^^^^^^^^^^^^^^^
  File "/Users/ayushmishra/clausr2.0/venv/lib/python3.14/site-packages/fastapi/applications.py", line 1159, in __call__
    await super().__call__(scope, receive, send)
  File "/Users/ayushmishra/clausr2.0/venv/lib/python3.14/site-packages/starlette/applications.py", line 90, in __call__
    await self.middleware_stack(scope, receive, send)
  File "/Users/ayushmishra/clausr2.0/venv/lib/python3.14/site-packages/starlette/middleware/errors.py", line 186, in __call__
    raise exc
  File "/Users/ayushmishra/clausr2.0/venv/lib/python3.14/site-packages/starlette/middleware/errors.py", line 164, in __call__
    await self.app(scope, receive, _send)
  File "/Users/ayushmishra/clausr2.0/venv/lib/python3.14/site-packages/starlette/middleware/cors.py", line 88, in __call__
    await self.app(scope, receive, send)
  File "/Users/ayushmishra/clausr2.0/venv/lib/python3.14/site-packages/starlette/middleware/exceptions.py", line 63, in __call__
    await wrap_app_handling_exceptions(self.app, conn)(scope, receive, send)
  File "/Users/ayushmishra/clausr2.0/venv/lib/python3.14/site-packages/starlette/_exception_handler.py", line 53, in wrapped_app
    raise exc
  File "/Users/ayushmishra/clausr2.0/venv/lib/python3.14/site-packages/starlette/_exception_handler.py", line 42, in wrapped_app
    await app(scope, receive, sender)
  File "/Users/ayushmishra/clausr2.0/venv/lib/python3.14/site-packages/fastapi/middleware/asyncexitstack.py", line 18, in __call__
    await self.app(scope, receive, send)
  File "/Users/ayushmishra/clausr2.0/venv/lib/python3.14/site-packages/starlette/routing.py", line 660, in __call__
    await self.middleware_stack(scope, receive, send)
  File "/Users/ayushmishra/clausr2.0/venv/lib/python3.14/site-packages/starlette/routing.py", line 680, in app
    await route.handle(scope, receive, send)
  File "/Users/ayushmishra/clausr2.0/venv/lib/python3.14/site-packages/starlette/routing.py", line 276, in handle
    await self.app(scope, receive, send)
  File "/Users/ayushmishra/clausr2.0/venv/lib/python3.14/site-packages/fastapi/routing.py", line 134, in app
    await wrap_app_handling_exceptions(app, request)(scope, receive, send)
  File "/Users/ayushmishra/clausr2.0/venv/lib/python3.14/site-packages/starlette/_exception_handler.py", line 53, in wrapped_app
    raise exc
  File "/Users/ayushmishra/clausr2.0/venv/lib/python3.14/site-packages/starlette/_exception_handler.py", line 42, in wrapped_app
    await app(scope, receive, sender)
  File "/Users/ayushmishra/clausr2.0/venv/lib/python3.14/site-packages/fastapi/routing.py", line 120, in app
    response = await f(request)
               ^^^^^^^^^^^^^^^^
  File "/Users/ayushmishra/clausr2.0/venv/lib/python3.14/site-packages/fastapi/routing.py", line 674, in app
    raw_response = await run_endpoint_function(
                   ^^^^^^^^^^^^^^^^^^^^^^^^^^^^
    ...<3 lines>...
    )
    ^
  File "/Users/ayushmishra/clausr2.0/venv/lib/python3.14/site-packages/fastapi/routing.py", line 330, in run_endpoint_function
    return await run_in_threadpool(dependant.call, **values)
           ^^^^^^^^^^^^^^^^^^^^^^^^^^^^^^^^^^^^^^^^^^^^^^^^^
  File "/Users/ayushmishra/clausr2.0/venv/lib/python3.14/site-packages/starlette/concurrency.py", line 32, in run_in_threadpool
    return await anyio.to_thread.run_sync(func)
           ^^^^^^^^^^^^^^^^^^^^^^^^^^^^^^^^^^^^
  File "/Users/ayushmishra/clausr2.0/venv/lib/python3.14/site-packages/anyio/to_thread.py", line 63, in run_sync
    return await get_async_backend().run_sync_in_worker_thread(
           ^^^^^^^^^^^^^^^^^^^^^^^^^^^^^^^^^^^^^^^^^^^^^^^^^^^^
        func, args, abandon_on_cancel=abandon_on_cancel, limiter=limiter
        ^^^^^^^^^^^^^^^^^^^^^^^^^^^^^^^^^^^^^^^^^^^^^^^^^^^^^^^^^^^^^^^^
    )
    ^
  File "/Users/ayushmishra/clausr2.0/venv/lib/python3.14/site-packages/anyio/_backends/_asyncio.py", line 2518, in run_sync_in_worker_thread
    return await future
           ^^^^^^^^^^^^
  File "/Users/ayushmishra/clausr2.0/venv/lib/python3.14/site-packages/anyio/_backends/_asyncio.py", line 1002, in run
    result = context.run(func, *args)
  File "/Users/ayushmishra/clausr2.0/server/app.py", line 46, in reset
    return env.reset(task_id=task_id)
           ~~~~~~~~~^^^^^^^^^^^^^^^^^
  File "/Users/ayushmishra/clausr2.0/server/environment.py", line 40, in reset
    return self._make_observation(done=False)
           ~~~~~~~~~~~~~~~~~~~~~~^^^^^^^^^^^^
  File "/Users/ayushmishra/clausr2.0/server/environment.py", line 87, in _make_observation
    clauses = [Clause(**c) for c in self._contract["clauses"]]
                                    ~~~~~~~~~~~~~~^^^^^^^^^^^
KeyError: 'clauses'
INFO:     127.0.0.1:64218 - "POST /reset?task_id=lexmind_medium HTTP/1.1" 500 Internal Server Error
ERROR:    Exception in ASGI application
Traceback (most recent call last):
  File "/Users/ayushmishra/clausr2.0/venv/lib/python3.14/site-packages/uvicorn/protocols/http/h11_impl.py", line 415, in run_asgi
    result = await app(  # type: ignore[func-returns-value]
             ^^^^^^^^^^^^^^^^^^^^^^^^^^^^^^^^^^^^^^^^^^^^^^
        self.scope, self.receive, self.send
        ^^^^^^^^^^^^^^^^^^^^^^^^^^^^^^^^^^^
    )
    ^
  File "/Users/ayushmishra/clausr2.0/venv/lib/python3.14/site-packages/uvicorn/middleware/proxy_headers.py", line 56, in __call__
    return await self.app(scope, receive, send)
           ^^^^^^^^^^^^^^^^^^^^^^^^^^^^^^^^^^^^
  File "/Users/ayushmishra/clausr2.0/venv/lib/python3.14/site-packages/fastapi/applications.py", line 1159, in __call__
    await super().__call__(scope, receive, send)
  File "/Users/ayushmishra/clausr2.0/venv/lib/python3.14/site-packages/starlette/applications.py", line 90, in __call__
    await self.middleware_stack(scope, receive, send)
  File "/Users/ayushmishra/clausr2.0/venv/lib/python3.14/site-packages/starlette/middleware/errors.py", line 186, in __call__
    raise exc
  File "/Users/ayushmishra/clausr2.0/venv/lib/python3.14/site-packages/starlette/middleware/errors.py", line 164, in __call__
    await self.app(scope, receive, _send)
  File "/Users/ayushmishra/clausr2.0/venv/lib/python3.14/site-packages/starlette/middleware/cors.py", line 88, in __call__
    await self.app(scope, receive, send)
  File "/Users/ayushmishra/clausr2.0/venv/lib/python3.14/site-packages/starlette/middleware/exceptions.py", line 63, in __call__
    await wrap_app_handling_exceptions(self.app, conn)(scope, receive, send)
  File "/Users/ayushmishra/clausr2.0/venv/lib/python3.14/site-packages/starlette/_exception_handler.py", line 53, in wrapped_app
    raise exc
  File "/Users/ayushmishra/clausr2.0/venv/lib/python3.14/site-packages/starlette/_exception_handler.py", line 42, in wrapped_app
    await app(scope, receive, sender)
  File "/Users/ayushmishra/clausr2.0/venv/lib/python3.14/site-packages/fastapi/middleware/asyncexitstack.py", line 18, in __call__
    await self.app(scope, receive, send)
  File "/Users/ayushmishra/clausr2.0/venv/lib/python3.14/site-packages/starlette/routing.py", line 660, in __call__
    await self.middleware_stack(scope, receive, send)
  File "/Users/ayushmishra/clausr2.0/venv/lib/python3.14/site-packages/starlette/routing.py", line 680, in app
    await route.handle(scope, receive, send)
  File "/Users/ayushmishra/clausr2.0/venv/lib/python3.14/site-packages/starlette/routing.py", line 276, in handle
    await self.app(scope, receive, send)
  File "/Users/ayushmishra/clausr2.0/venv/lib/python3.14/site-packages/fastapi/routing.py", line 134, in app
    await wrap_app_handling_exceptions(app, request)(scope, receive, send)
  File "/Users/ayushmishra/clausr2.0/venv/lib/python3.14/site-packages/starlette/_exception_handler.py", line 53, in wrapped_app
    raise exc
  File "/Users/ayushmishra/clausr2.0/venv/lib/python3.14/site-packages/starlette/_exception_handler.py", line 42, in wrapped_app
    await app(scope, receive, sender)
  File "/Users/ayushmishra/clausr2.0/venv/lib/python3.14/site-packages/fastapi/routing.py", line 120, in app
    response = await f(request)
               ^^^^^^^^^^^^^^^^
  File "/Users/ayushmishra/clausr2.0/venv/lib/python3.14/site-packages/fastapi/routing.py", line 674, in app
    raw_response = await run_endpoint_function(
                   ^^^^^^^^^^^^^^^^^^^^^^^^^^^^
    ...<3 lines>...
    )
    ^
  File "/Users/ayushmishra/clausr2.0/venv/lib/python3.14/site-packages/fastapi/routing.py", line 330, in run_endpoint_function
    return await run_in_threadpool(dependant.call, **values)
           ^^^^^^^^^^^^^^^^^^^^^^^^^^^^^^^^^^^^^^^^^^^^^^^^^
  File "/Users/ayushmishra/clausr2.0/venv/lib/python3.14/site-packages/starlette/concurrency.py", line 32, in run_in_threadpool
    return await anyio.to_thread.run_sync(func)
           ^^^^^^^^^^^^^^^^^^^^^^^^^^^^^^^^^^^^
  File "/Users/ayushmishra/clausr2.0/venv/lib/python3.14/site-packages/anyio/to_thread.py", line 63, in run_sync
    return await get_async_backend().run_sync_in_worker_thread(
           ^^^^^^^^^^^^^^^^^^^^^^^^^^^^^^^^^^^^^^^^^^^^^^^^^^^^
        func, args, abandon_on_cancel=abandon_on_cancel, limiter=limiter
        ^^^^^^^^^^^^^^^^^^^^^^^^^^^^^^^^^^^^^^^^^^^^^^^^^^^^^^^^^^^^^^^^
    )
    ^
  File "/Users/ayushmishra/clausr2.0/venv/lib/python3.14/site-packages/anyio/_backends/_asyncio.py", line 2518, in run_sync_in_worker_thread
    return await future
           ^^^^^^^^^^^^
  File "/Users/ayushmishra/clausr2.0/venv/lib/python3.14/site-packages/anyio/_backends/_asyncio.py", line 1002, in run
    result = context.run(func, *args)
  File "/Users/ayushmishra/clausr2.0/server/app.py", line 46, in reset
    return env.reset(task_id=task_id)
           ~~~~~~~~~^^^^^^^^^^^^^^^^^
  File "/Users/ayushmishra/clausr2.0/server/environment.py", line 40, in reset
    return self._make_observation(done=False)
           ~~~~~~~~~~~~~~~~~~~~~~^^^^^^^^^^^^
  File "/Users/ayushmishra/clausr2.0/server/environment.py", line 87, in _make_observation
    clauses = [Clause(**c) for c in self._contract["clauses"]]
                                    ~~~~~~~~~~~~~~^^^^^^^^^^^
KeyError: 'clauses'
INFO:     127.0.0.1:64219 - "POST /reset?task_id=lexmind_hard HTTP/1.1" 500 Internal Server Error
ERROR:    Exception in ASGI application
Traceback (most recent call last):
  File "/Users/ayushmishra/clausr2.0/venv/lib/python3.14/site-packages/uvicorn/protocols/http/h11_impl.py", line 415, in run_asgi
    result = await app(  # type: ignore[func-returns-value]
             ^^^^^^^^^^^^^^^^^^^^^^^^^^^^^^^^^^^^^^^^^^^^^^
        self.scope, self.receive, self.send
        ^^^^^^^^^^^^^^^^^^^^^^^^^^^^^^^^^^^
    )
    ^
  File "/Users/ayushmishra/clausr2.0/venv/lib/python3.14/site-packages/uvicorn/middleware/proxy_headers.py", line 56, in __call__
    return await self.app(scope, receive, send)
           ^^^^^^^^^^^^^^^^^^^^^^^^^^^^^^^^^^^^
  File "/Users/ayushmishra/clausr2.0/venv/lib/python3.14/site-packages/fastapi/applications.py", line 1159, in __call__
    await super().__call__(scope, receive, send)
  File "/Users/ayushmishra/clausr2.0/venv/lib/python3.14/site-packages/starlette/applications.py", line 90, in __call__
    await self.middleware_stack(scope, receive, send)
  File "/Users/ayushmishra/clausr2.0/venv/lib/python3.14/site-packages/starlette/middleware/errors.py", line 186, in __call__
    raise exc
  File "/Users/ayushmishra/clausr2.0/venv/lib/python3.14/site-packages/starlette/middleware/errors.py", line 164, in __call__
    await self.app(scope, receive, _send)
  File "/Users/ayushmishra/clausr2.0/venv/lib/python3.14/site-packages/starlette/middleware/cors.py", line 88, in __call__
    await self.app(scope, receive, send)
  File "/Users/ayushmishra/clausr2.0/venv/lib/python3.14/site-packages/starlette/middleware/exceptions.py", line 63, in __call__
    await wrap_app_handling_exceptions(self.app, conn)(scope, receive, send)
  File "/Users/ayushmishra/clausr2.0/venv/lib/python3.14/site-packages/starlette/_exception_handler.py", line 53, in wrapped_app
    raise exc
  File "/Users/ayushmishra/clausr2.0/venv/lib/python3.14/site-packages/starlette/_exception_handler.py", line 42, in wrapped_app
    await app(scope, receive, sender)
  File "/Users/ayushmishra/clausr2.0/venv/lib/python3.14/site-packages/fastapi/middleware/asyncexitstack.py", line 18, in __call__
    await self.app(scope, receive, send)
  File "/Users/ayushmishra/clausr2.0/venv/lib/python3.14/site-packages/starlette/routing.py", line 660, in __call__
    await self.middleware_stack(scope, receive, send)
  File "/Users/ayushmishra/clausr2.0/venv/lib/python3.14/site-packages/starlette/routing.py", line 680, in app
    await route.handle(scope, receive, send)
  File "/Users/ayushmishra/clausr2.0/venv/lib/python3.14/site-packages/starlette/routing.py", line 276, in handle
    await self.app(scope, receive, send)
  File "/Users/ayushmishra/clausr2.0/venv/lib/python3.14/site-packages/fastapi/routing.py", line 134, in app
    await wrap_app_handling_exceptions(app, request)(scope, receive, send)
  File "/Users/ayushmishra/clausr2.0/venv/lib/python3.14/site-packages/starlette/_exception_handler.py", line 53, in wrapped_app
    raise exc
  File "/Users/ayushmishra/clausr2.0/venv/lib/python3.14/site-packages/starlette/_exception_handler.py", line 42, in wrapped_app
    await app(scope, receive, sender)
  File "/Users/ayushmishra/clausr2.0/venv/lib/python3.14/site-packages/fastapi/routing.py", line 120, in app
    response = await f(request)
               ^^^^^^^^^^^^^^^^
  File "/Users/ayushmishra/clausr2.0/venv/lib/python3.14/site-packages/fastapi/routing.py", line 674, in app
    raw_response = await run_endpoint_function(
                   ^^^^^^^^^^^^^^^^^^^^^^^^^^^^
    ...<3 lines>...
    )
    ^
  File "/Users/ayushmishra/clausr2.0/venv/lib/python3.14/site-packages/fastapi/routing.py", line 330, in run_endpoint_function
    return await run_in_threadpool(dependant.call, **values)
           ^^^^^^^^^^^^^^^^^^^^^^^^^^^^^^^^^^^^^^^^^^^^^^^^^
  File "/Users/ayushmishra/clausr2.0/venv/lib/python3.14/site-packages/starlette/concurrency.py", line 32, in run_in_threadpool
    return await anyio.to_thread.run_sync(func)
           ^^^^^^^^^^^^^^^^^^^^^^^^^^^^^^^^^^^^
  File "/Users/ayushmishra/clausr2.0/venv/lib/python3.14/site-packages/anyio/to_thread.py", line 63, in run_sync
    return await get_async_backend().run_sync_in_worker_thread(
           ^^^^^^^^^^^^^^^^^^^^^^^^^^^^^^^^^^^^^^^^^^^^^^^^^^^^
        func, args, abandon_on_cancel=abandon_on_cancel, limiter=limiter
        ^^^^^^^^^^^^^^^^^^^^^^^^^^^^^^^^^^^^^^^^^^^^^^^^^^^^^^^^^^^^^^^^
    )
    ^
  File "/Users/ayushmishra/clausr2.0/venv/lib/python3.14/site-packages/anyio/_backends/_asyncio.py", line 2518, in run_sync_in_worker_thread
    return await future
           ^^^^^^^^^^^^
  File "/Users/ayushmishra/clausr2.0/venv/lib/python3.14/site-packages/anyio/_backends/_asyncio.py", line 1002, in run
    result = context.run(func, *args)
  File "/Users/ayushmishra/clausr2.0/server/app.py", line 46, in reset
    return env.reset(task_id=task_id)
           ~~~~~~~~~^^^^^^^^^^^^^^^^^
  File "/Users/ayushmishra/clausr2.0/server/environment.py", line 32, in reset
    raise FileNotFoundError(
        f"No contracts found for task_id: {task_id} at {self._contracts_dir}/{pattern}"
    )
FileNotFoundError: No contracts found for task_id: lexmind_hard at /Users/ayushmishra/clausr2.0/data/contracts/lexmind_hard_*.json
INFO:     127.0.0.1:64220 - "POST /reset?task_id=adversarial_easy HTTP/1.1" 200 OK
INFO:     127.0.0.1:64237 - "POST /step HTTP/1.1" 200 OK
INFO:     127.0.0.1:64238 - "POST /reset?task_id=adversarial_medium HTTP/1.1" 200 OK
INFO:     127.0.0.1:64279 - "POST /step HTTP/1.1" 200 OK
INFO:     127.0.0.1:64280 - "POST /reset?task_id=adversarial_hard HTTP/1.1" 200 OK
INFO:     127.0.0.1:64324 - "POST /step HTTP/1.1" 200 OK
INFO:     127.0.0.1:64325 - "POST /reset?task_id=adversarial_selfplay HTTP/1.1" 500 Internal Server Error
ERROR:    Exception in ASGI application
Traceback (most recent call last):
  File "/Users/ayushmishra/clausr2.0/venv/lib/python3.14/site-packages/uvicorn/protocols/http/h11_impl.py", line 415, in run_asgi
    result = await app(  # type: ignore[func-returns-value]
             ^^^^^^^^^^^^^^^^^^^^^^^^^^^^^^^^^^^^^^^^^^^^^^
        self.scope, self.receive, self.send
        ^^^^^^^^^^^^^^^^^^^^^^^^^^^^^^^^^^^
    )
    ^
  File "/Users/ayushmishra/clausr2.0/venv/lib/python3.14/site-packages/uvicorn/middleware/proxy_headers.py", line 56, in __call__
    return await self.app(scope, receive, send)
           ^^^^^^^^^^^^^^^^^^^^^^^^^^^^^^^^^^^^
  File "/Users/ayushmishra/clausr2.0/venv/lib/python3.14/site-packages/fastapi/applications.py", line 1159, in __call__
    await super().__call__(scope, receive, send)
  File "/Users/ayushmishra/clausr2.0/venv/lib/python3.14/site-packages/starlette/applications.py", line 90, in __call__
    await self.middleware_stack(scope, receive, send)
  File "/Users/ayushmishra/clausr2.0/venv/lib/python3.14/site-packages/starlette/middleware/errors.py", line 186, in __call__
    raise exc
  File "/Users/ayushmishra/clausr2.0/venv/lib/python3.14/site-packages/starlette/middleware/errors.py", line 164, in __call__
    await self.app(scope, receive, _send)
  File "/Users/ayushmishra/clausr2.0/venv/lib/python3.14/site-packages/starlette/middleware/cors.py", line 88, in __call__
    await self.app(scope, receive, send)
  File "/Users/ayushmishra/clausr2.0/venv/lib/python3.14/site-packages/starlette/middleware/exceptions.py", line 63, in __call__
    await wrap_app_handling_exceptions(self.app, conn)(scope, receive, send)
  File "/Users/ayushmishra/clausr2.0/venv/lib/python3.14/site-packages/starlette/_exception_handler.py", line 53, in wrapped_app
    raise exc
  File "/Users/ayushmishra/clausr2.0/venv/lib/python3.14/site-packages/starlette/_exception_handler.py", line 42, in wrapped_app
    await app(scope, receive, sender)
  File "/Users/ayushmishra/clausr2.0/venv/lib/python3.14/site-packages/fastapi/middleware/asyncexitstack.py", line 18, in __call__
    await self.app(scope, receive, send)
  File "/Users/ayushmishra/clausr2.0/venv/lib/python3.14/site-packages/starlette/routing.py", line 660, in __call__
    await self.middleware_stack(scope, receive, send)
  File "/Users/ayushmishra/clausr2.0/venv/lib/python3.14/site-packages/starlette/routing.py", line 680, in app
    await route.handle(scope, receive, send)
  File "/Users/ayushmishra/clausr2.0/venv/lib/python3.14/site-packages/starlette/routing.py", line 276, in handle
    await self.app(scope, receive, send)
  File "/Users/ayushmishra/clausr2.0/venv/lib/python3.14/site-packages/fastapi/routing.py", line 134, in app
    await wrap_app_handling_exceptions(app, request)(scope, receive, send)
  File "/Users/ayushmishra/clausr2.0/venv/lib/python3.14/site-packages/starlette/_exception_handler.py", line 53, in wrapped_app
    raise exc
  File "/Users/ayushmishra/clausr2.0/venv/lib/python3.14/site-packages/starlette/_exception_handler.py", line 42, in wrapped_app
    await app(scope, receive, sender)
  File "/Users/ayushmishra/clausr2.0/venv/lib/python3.14/site-packages/fastapi/routing.py", line 120, in app
    response = await f(request)
               ^^^^^^^^^^^^^^^^
  File "/Users/ayushmishra/clausr2.0/venv/lib/python3.14/site-packages/fastapi/routing.py", line 674, in app
    raw_response = await run_endpoint_function(
                   ^^^^^^^^^^^^^^^^^^^^^^^^^^^^
    ...<3 lines>...
    )
    ^
  File "/Users/ayushmishra/clausr2.0/venv/lib/python3.14/site-packages/fastapi/routing.py", line 330, in run_endpoint_function
    return await run_in_threadpool(dependant.call, **values)
           ^^^^^^^^^^^^^^^^^^^^^^^^^^^^^^^^^^^^^^^^^^^^^^^^^
  File "/Users/ayushmishra/clausr2.0/venv/lib/python3.14/site-packages/starlette/concurrency.py", line 32, in run_in_threadpool
    return await anyio.to_thread.run_sync(func)
           ^^^^^^^^^^^^^^^^^^^^^^^^^^^^^^^^^^^^
  File "/Users/ayushmishra/clausr2.0/venv/lib/python3.14/site-packages/anyio/to_thread.py", line 63, in run_sync
    return await get_async_backend().run_sync_in_worker_thread(
           ^^^^^^^^^^^^^^^^^^^^^^^^^^^^^^^^^^^^^^^^^^^^^^^^^^^^
        func, args, abandon_on_cancel=abandon_on_cancel, limiter=limiter
        ^^^^^^^^^^^^^^^^^^^^^^^^^^^^^^^^^^^^^^^^^^^^^^^^^^^^^^^^^^^^^^^^
    )
    ^
  File "/Users/ayushmishra/clausr2.0/venv/lib/python3.14/site-packages/anyio/_backends/_asyncio.py", line 2518, in run_sync_in_worker_thread
    return await future
           ^^^^^^^^^^^^
  File "/Users/ayushmishra/clausr2.0/venv/lib/python3.14/site-packages/anyio/_backends/_asyncio.py", line 1002, in run
    result = context.run(func, *args)
  File "/Users/ayushmishra/clausr2.0/server/app.py", line 46, in reset
    return env.reset(task_id=task_id)
           ~~~~~~~~~^^^^^^^^^^^^^^^^^
  File "/Users/ayushmishra/clausr2.0/server/environment.py", line 32, in reset
    raise FileNotFoundError(
        f"No contracts found for task_id: {task_id} at {self._contracts_dir}/{pattern}"
    )
FileNotFoundError: No contracts found for task_id: adversarial_selfplay at /Users/ayushmishra/clausr2.0/data/contracts/adversarial_selfplay_*.json
INFO:     127.0.0.1:64326 - "POST /reset?task_id=curriculum_adaptive HTTP/1.1" 500 Internal Server Error
ERROR:    Exception in ASGI application
Traceback (most recent call last):
  File "/Users/ayushmishra/clausr2.0/venv/lib/python3.14/site-packages/uvicorn/protocols/http/h11_impl.py", line 415, in run_asgi
    result = await app(  # type: ignore[func-returns-value]
             ^^^^^^^^^^^^^^^^^^^^^^^^^^^^^^^^^^^^^^^^^^^^^^
        self.scope, self.receive, self.send
        ^^^^^^^^^^^^^^^^^^^^^^^^^^^^^^^^^^^
    )
    ^
  File "/Users/ayushmishra/clausr2.0/venv/lib/python3.14/site-packages/uvicorn/middleware/proxy_headers.py", line 56, in __call__
    return await self.app(scope, receive, send)
           ^^^^^^^^^^^^^^^^^^^^^^^^^^^^^^^^^^^^
  File "/Users/ayushmishra/clausr2.0/venv/lib/python3.14/site-packages/fastapi/applications.py", line 1159, in __call__
    await super().__call__(scope, receive, send)
  File "/Users/ayushmishra/clausr2.0/venv/lib/python3.14/site-packages/starlette/applications.py", line 90, in __call__
    await self.middleware_stack(scope, receive, send)
  File "/Users/ayushmishra/clausr2.0/venv/lib/python3.14/site-packages/starlette/middleware/errors.py", line 186, in __call__
    raise exc
  File "/Users/ayushmishra/clausr2.0/venv/lib/python3.14/site-packages/starlette/middleware/errors.py", line 164, in __call__
    await self.app(scope, receive, _send)
  File "/Users/ayushmishra/clausr2.0/venv/lib/python3.14/site-packages/starlette/middleware/cors.py", line 88, in __call__
    await self.app(scope, receive, send)
  File "/Users/ayushmishra/clausr2.0/venv/lib/python3.14/site-packages/starlette/middleware/exceptions.py", line 63, in __call__
    await wrap_app_handling_exceptions(self.app, conn)(scope, receive, send)
  File "/Users/ayushmishra/clausr2.0/venv/lib/python3.14/site-packages/starlette/_exception_handler.py", line 53, in wrapped_app
    raise exc
  File "/Users/ayushmishra/clausr2.0/venv/lib/python3.14/site-packages/starlette/_exception_handler.py", line 42, in wrapped_app
    await app(scope, receive, sender)
  File "/Users/ayushmishra/clausr2.0/venv/lib/python3.14/site-packages/fastapi/middleware/asyncexitstack.py", line 18, in __call__
    await self.app(scope, receive, send)
  File "/Users/ayushmishra/clausr2.0/venv/lib/python3.14/site-packages/starlette/routing.py", line 660, in __call__
    await self.middleware_stack(scope, receive, send)
  File "/Users/ayushmishra/clausr2.0/venv/lib/python3.14/site-packages/starlette/routing.py", line 680, in app
    await route.handle(scope, receive, send)
  File "/Users/ayushmishra/clausr2.0/venv/lib/python3.14/site-packages/starlette/routing.py", line 276, in handle
    await self.app(scope, receive, send)
  File "/Users/ayushmishra/clausr2.0/venv/lib/python3.14/site-packages/fastapi/routing.py", line 134, in app
    await wrap_app_handling_exceptions(app, request)(scope, receive, send)
  File "/Users/ayushmishra/clausr2.0/venv/lib/python3.14/site-packages/starlette/_exception_handler.py", line 53, in wrapped_app
    raise exc
  File "/Users/ayushmishra/clausr2.0/venv/lib/python3.14/site-packages/starlette/_exception_handler.py", line 42, in wrapped_app
    await app(scope, receive, sender)
  File "/Users/ayushmishra/clausr2.0/venv/lib/python3.14/site-packages/fastapi/routing.py", line 120, in app
    response = await f(request)
               ^^^^^^^^^^^^^^^^
  File "/Users/ayushmishra/clausr2.0/venv/lib/python3.14/site-packages/fastapi/routing.py", line 674, in app
    raw_response = await run_endpoint_function(
                   ^^^^^^^^^^^^^^^^^^^^^^^^^^^^
    ...<3 lines>...
    )
    ^
  File "/Users/ayushmishra/clausr2.0/venv/lib/python3.14/site-packages/fastapi/routing.py", line 330, in run_endpoint_function
    return await run_in_threadpool(dependant.call, **values)
           ^^^^^^^^^^^^^^^^^^^^^^^^^^^^^^^^^^^^^^^^^^^^^^^^^
  File "/Users/ayushmishra/clausr2.0/venv/lib/python3.14/site-packages/starlette/concurrency.py", line 32, in run_in_threadpool
    return await anyio.to_thread.run_sync(func)
           ^^^^^^^^^^^^^^^^^^^^^^^^^^^^^^^^^^^^
  File "/Users/ayushmishra/clausr2.0/venv/lib/python3.14/site-packages/anyio/to_thread.py", line 63, in run_sync
    return await get_async_backend().run_sync_in_worker_thread(
           ^^^^^^^^^^^^^^^^^^^^^^^^^^^^^^^^^^^^^^^^^^^^^^^^^^^^
        func, args, abandon_on_cancel=abandon_on_cancel, limiter=limiter
        ^^^^^^^^^^^^^^^^^^^^^^^^^^^^^^^^^^^^^^^^^^^^^^^^^^^^^^^^^^^^^^^^
    )
    ^
  File "/Users/ayushmishra/clausr2.0/venv/lib/python3.14/site-packages/anyio/_backends/_asyncio.py", line 2518, in run_sync_in_worker_thread
    return await future
           ^^^^^^^^^^^^
  File "/Users/ayushmishra/clausr2.0/venv/lib/python3.14/site-packages/anyio/_backends/_asyncio.py", line 1002, in run
    result = context.run(func, *args)
  File "/Users/ayushmishra/clausr2.0/server/app.py", line 46, in reset
    return env.reset(task_id=task_id)
           ~~~~~~~~~^^^^^^^^^^^^^^^^^
  File "/Users/ayushmishra/clausr2.0/server/environment.py", line 32, in reset
    raise FileNotFoundError(
        f"No contracts found for task_id: {task_id} at {self._contracts_dir}/{pattern}"
    )
FileNotFoundError: No contracts found for task_id: curriculum_adaptive at /Users/ayushmishra/clausr2.0/data/contracts/curriculum_adaptive_*.json
INFO:     127.0.0.1:64327 - "POST /constitution/reset?task_id=constitution_easy HTTP/1.1" 200 OK
INFO:     127.0.0.1:64356 - "POST /constitution/step?task_id=constitution_easy HTTP/1.1" 200 OK
INFO:     127.0.0.1:64357 - "POST /constitution/reset?task_id=constitution_medium HTTP/1.1" 200 OK
INFO:     127.0.0.1:64399 - "POST /constitution/reset?task_id=constitution_hard HTTP/1.1" 200 OK
INFO:     127.0.0.1:64403 - "POST /constitution/step?task_id=constitution_hard HTTP/1.1" 200 OK
INFO:     127.0.0.1:64404 - "POST /federated/reset?task_id=federated_easy HTTP/1.1" 200 OK
INFO:     127.0.0.1:64414 - "POST /federated/step HTTP/1.1" 200 OK
INFO:     127.0.0.1:64423 - "POST /federated/step HTTP/1.1" 200 OK
INFO:     127.0.0.1:64439 - "POST /federated/step HTTP/1.1" 200 OK
INFO:     127.0.0.1:64442 - "POST /federated/step HTTP/1.1" 200 OK
INFO:     127.0.0.1:64456 - "POST /federated/step HTTP/1.1" 200 OK
INFO:     127.0.0.1:64464 - "POST /federated/step HTTP/1.1" 200 OK
INFO:     127.0.0.1:64477 - "POST /federated/reset?task_id=federated_medium HTTP/1.1" 200 OK
INFO:     127.0.0.1:64489 - "POST /federated/step HTTP/1.1" 200 OK
INFO:     127.0.0.1:64490 - "POST /federated/step HTTP/1.1" 200 OK
INFO:     127.0.0.1:64491 - "POST /federated/step HTTP/1.1" 200 OK
INFO:     127.0.0.1:64517 - "POST /federated/step HTTP/1.1" 200 OK
INFO:     127.0.0.1:64525 - "POST /federated/step HTTP/1.1" 200 OK
INFO:     127.0.0.1:64537 - "POST /federated/step HTTP/1.1" 200 OK
INFO:     127.0.0.1:64544 - "POST /federated/step HTTP/1.1" 200 OK
INFO:     127.0.0.1:64550 - "POST /federated/step HTTP/1.1" 200 OK
INFO:     127.0.0.1:64568 - "POST /federated/step HTTP/1.1" 200 OK
INFO:     127.0.0.1:64569 - "POST /federated/final_score HTTP/1.1" 200 OK
INFO:     127.0.0.1:64570 - "POST /federated/reset?task_id=federated_hard HTTP/1.1" 200 OK
INFO:     127.0.0.1:64590 - "POST /federated/step HTTP/1.1" 200 OK
INFO:     127.0.0.1:64595 - "POST /federated/step HTTP/1.1" 200 OK
INFO:     127.0.0.1:64600 - "POST /federated/step HTTP/1.1" 200 OK
INFO:     127.0.0.1:64609 - "POST /federated/step HTTP/1.1" 200 OK
INFO:     127.0.0.1:64629 - "POST /federated/step HTTP/1.1" 200 OK
INFO:     127.0.0.1:64652 - "POST /federated/step HTTP/1.1" 200 OK
INFO:     127.0.0.1:64657 - "POST /federated/step HTTP/1.1" 200 OK
INFO:     127.0.0.1:64659 - "POST /federated/step HTTP/1.1" 200 OK
INFO:     127.0.0.1:64686 - "POST /federated/step HTTP/1.1" 200 OK
INFO:     127.0.0.1:64688 - "POST /federated/step HTTP/1.1" 200 OK
INFO:     127.0.0.1:64694 - "POST /federated/step HTTP/1.1" 200 OK
INFO:     127.0.0.1:64704 - "POST /federated/step HTTP/1.1" 200 OK
INFO:     127.0.0.1:64718 - "POST /federated/step HTTP/1.1" 200 OK
INFO:     127.0.0.1:64732 - "POST /federated/step HTTP/1.1" 200 OK
INFO:     127.0.0.1:64739 - "POST /federated/step HTTP/1.1" 200 OK
INFO:     127.0.0.1:64742 - "POST /federated/final_score HTTP/1.1" 200 OK
INFO:     127.0.0.1:64743 - "POST /timemachine/reset?task_id=timemachine_easy HTTP/1.1" 200 OK
INFO:     127.0.0.1:64762 - "POST /timemachine/step HTTP/1.1" 200 OK
INFO:     127.0.0.1:64763 - "POST /timemachine/reset?task_id=timemachine_medium HTTP/1.1" 200 OK
INFO:     127.0.0.1:64799 - "POST /timemachine/step HTTP/1.1" 200 OK
INFO:     127.0.0.1:64800 - "POST /timemachine/reset?task_id=timemachine_hard HTTP/1.1" 200 OK
INFO:     Shutting down
INFO:     Waiting for application shutdown.
INFO:     Application shutdown complete.
INFO:     Finished server process [8903]
